<?xml version="1.0" encoding="UTF-8"?>
<coverage generated="1552561101541" clover="3.2.0">
  <project timestamp="1552561101541" name="All files">
    <metrics statements="750" coveredstatements="395" conditionals="119" coveredconditionals="9" methods="302" coveredmethods="56" elements="1171" coveredelements="460" complexity="0" loc="750" ncloc="750" packages="9" files="23" classes="23">
      <package name="nSights">
        <metrics statements="30" coveredstatements="30" conditionals="8" coveredconditionals="7" methods="20" coveredmethods="20"/>
        <file name="SampleAPI.js" path="D:\nsights_project\nSights\Mobile App\nSights\SampleAPI.js">
          <metrics statements="25" coveredstatements="25" conditionals="0" coveredconditionals="0" methods="20" coveredmethods="20"/>
          <line num="1" count="4" type="stmt"/>
          <line num="2" count="4" type="stmt"/>
          <line num="3" count="4" type="stmt"/>
          <line num="4" count="4" type="stmt"/>
          <line num="8" count="1" type="stmt"/>
          <line num="9" count="1" type="stmt"/>
          <line num="13" count="1" type="stmt"/>
          <line num="14" count="1" type="stmt"/>
          <line num="19" count="1" type="stmt"/>
          <line num="30" count="1" type="stmt"/>
          <line num="38" count="1" type="stmt"/>
          <line num="48" count="1" type="stmt"/>
          <line num="56" count="1" type="stmt"/>
          <line num="63" count="1" type="stmt"/>
          <line num="76" count="1" type="stmt"/>
          <line num="80" count="1" type="stmt"/>
          <line num="84" count="1" type="stmt"/>
          <line num="88" count="1" type="stmt"/>
          <line num="92" count="1" type="stmt"/>
          <line num="97" count="1" type="stmt"/>
          <line num="101" count="1" type="stmt"/>
          <line num="105" count="1" type="stmt"/>
          <line num="109" count="1" type="stmt"/>
          <line num="113" count="1" type="stmt"/>
          <line num="114" count="4" type="stmt"/>
        </file>
        <file name="jestSetup.js" path="D:\nsights_project\nSights\Mobile App\nSights\jestSetup.js">
          <metrics statements="5" coveredstatements="5" conditionals="8" coveredconditionals="7" methods="0" coveredmethods="0"/>
          <line num="1" count="4" type="stmt"/>
          <line num="2" count="4" type="cond" truecount="1" falsecount="1"/>
          <line num="3" count="4" type="cond" truecount="2" falsecount="0"/>
          <line num="4" count="4" type="cond" truecount="2" falsecount="0"/>
          <line num="12" count="4" type="cond" truecount="2" falsecount="0"/>
        </file>
      </package>
      <package name="nSights.src">
        <metrics statements="12" coveredstatements="11" conditionals="2" coveredconditionals="2" methods="5" coveredmethods="4"/>
        <file name="Remote.js" path="D:\nsights_project\nSights\Mobile App\nSights\src\Remote.js">
          <metrics statements="12" coveredstatements="11" conditionals="2" coveredconditionals="2" methods="5" coveredmethods="4"/>
          <line num="1" count="4" type="stmt"/>
          <line num="3" count="4" type="stmt"/>
          <line num="4" count="4" type="stmt"/>
          <line num="7" count="18" type="stmt"/>
          <line num="8" count="18" type="stmt"/>
          <line num="9" count="18" type="stmt"/>
          <line num="10" count="18" type="cond" truecount="2" falsecount="0"/>
          <line num="12" count="4" type="stmt"/>
          <line num="15" count="18" type="stmt"/>
          <line num="23" count="18" type="stmt"/>
          <line num="25" count="0" type="stmt"/>
          <line num="28" count="4" type="stmt"/>
        </file>
      </package>
      <package name="nSights.src.Feedback.components">
        <metrics statements="127" coveredstatements="62" conditionals="14" coveredconditionals="0" methods="54" coveredmethods="6"/>
        <file name="Feedback.js" path="D:\nsights_project\nSights\Mobile App\nSights\src\Feedback\components\Feedback.js">
          <metrics statements="44" coveredstatements="18" conditionals="10" coveredconditionals="0" methods="23" coveredmethods="1"/>
          <line num="1" count="3" type="stmt"/>
          <line num="3" count="3" type="stmt"/>
          <line num="4" count="3" type="stmt"/>
          <line num="5" count="3" type="stmt"/>
          <line num="6" count="3" type="stmt"/>
          <line num="7" count="3" type="stmt"/>
          <line num="8" count="3" type="stmt"/>
          <line num="9" count="3" type="stmt"/>
          <line num="10" count="3" type="stmt"/>
          <line num="11" count="3" type="stmt"/>
          <line num="12" count="3" type="stmt"/>
          <line num="13" count="3" type="stmt"/>
          <line num="15" count="3" type="stmt"/>
          <line num="17" count="3" type="stmt"/>
          <line num="76" count="3" type="stmt"/>
          <line num="86" count="0" type="stmt"/>
          <line num="87" count="0" type="stmt"/>
          <line num="135" count="0" type="cond" truecount="0" falsecount="2"/>
          <line num="136" count="0" type="stmt"/>
          <line num="137" count="0" type="stmt"/>
          <line num="155" count="0" type="cond" truecount="0" falsecount="2"/>
          <line num="156" count="0" type="stmt"/>
          <line num="170" count="0" type="stmt"/>
          <line num="199" count="0" type="cond" truecount="0" falsecount="2"/>
          <line num="200" count="0" type="stmt"/>
          <line num="201" count="0" type="stmt"/>
          <line num="219" count="0" type="cond" truecount="0" falsecount="2"/>
          <line num="220" count="0" type="stmt"/>
          <line num="234" count="0" type="stmt"/>
          <line num="241" count="0" type="cond" truecount="0" falsecount="2"/>
          <line num="242" count="0" type="stmt"/>
          <line num="243" count="0" type="stmt"/>
          <line num="261" count="3" type="stmt"/>
          <line num="263" count="0" type="stmt"/>
          <line num="265" count="0" type="stmt"/>
          <line num="270" count="0" type="stmt"/>
          <line num="341" count="0" type="stmt"/>
          <line num="361" count="0" type="stmt"/>
          <line num="380" count="0" type="stmt"/>
          <line num="399" count="0" type="stmt"/>
          <line num="418" count="0" type="stmt"/>
          <line num="472" count="0" type="stmt"/>
          <line num="497" count="3" type="stmt"/>
          <line num="502" count="3" type="stmt"/>
        </file>
        <file name="FeedbackMain.js" path="D:\nsights_project\nSights\Mobile App\nSights\src\Feedback\components\FeedbackMain.js">
          <metrics statements="27" coveredstatements="16" conditionals="0" coveredconditionals="0" methods="15" coveredmethods="3"/>
          <line num="1" count="3" type="stmt"/>
          <line num="2" count="3" type="stmt"/>
          <line num="3" count="3" type="stmt"/>
          <line num="4" count="3" type="stmt"/>
          <line num="5" count="3" type="stmt"/>
          <line num="6" count="3" type="stmt"/>
          <line num="7" count="3" type="stmt"/>
          <line num="15" count="3" type="stmt"/>
          <line num="86" count="3" type="stmt"/>
          <line num="116" count="3" type="stmt"/>
          <line num="118" count="0" type="stmt"/>
          <line num="119" count="0" type="stmt"/>
          <line num="140" count="0" type="stmt"/>
          <line num="147" count="0" type="stmt"/>
          <line num="158" count="3" type="stmt"/>
          <line num="162" count="3" type="stmt"/>
          <line num="164" count="0" type="stmt"/>
          <line num="166" count="0" type="stmt"/>
          <line num="170" count="0" type="stmt"/>
          <line num="172" count="0" type="stmt"/>
          <line num="179" count="0" type="stmt"/>
          <line num="196" count="3" type="stmt"/>
          <line num="200" count="3" type="stmt"/>
          <line num="203" count="0" type="stmt"/>
          <line num="208" count="0" type="stmt"/>
          <line num="228" count="3" type="stmt"/>
          <line num="234" count="3" type="stmt"/>
        </file>
        <file name="GiveFeedback.js" path="D:\nsights_project\nSights\Mobile App\nSights\src\Feedback\components\GiveFeedback.js">
          <metrics statements="25" coveredstatements="14" conditionals="0" coveredconditionals="0" methods="7" coveredmethods="1"/>
          <line num="1" count="3" type="stmt"/>
          <line num="2" count="3" type="stmt"/>
          <line num="3" count="3" type="stmt"/>
          <line num="4" count="3" type="stmt"/>
          <line num="5" count="3" type="stmt"/>
          <line num="6" count="3" type="stmt"/>
          <line num="7" count="3" type="stmt"/>
          <line num="8" count="3" type="stmt"/>
          <line num="15" count="3" type="stmt"/>
          <line num="16" count="3" type="stmt"/>
          <line num="76" count="3" type="stmt"/>
          <line num="78" count="0" type="stmt"/>
          <line num="79" count="0" type="stmt"/>
          <line num="80" count="0" type="stmt"/>
          <line num="82" count="0" type="stmt"/>
          <line num="85" count="3" type="stmt"/>
          <line num="88" count="0" type="stmt"/>
          <line num="92" count="0" type="stmt"/>
          <line num="93" count="0" type="stmt"/>
          <line num="95" count="0" type="stmt"/>
          <line num="100" count="0" type="stmt"/>
          <line num="137" count="0" type="stmt"/>
          <line num="145" count="0" type="stmt"/>
          <line num="169" count="3" type="stmt"/>
          <line num="174" count="3" type="stmt"/>
        </file>
        <file name="RequestFeedback.js" path="D:\nsights_project\nSights\Mobile App\nSights\src\Feedback\components\RequestFeedback.js">
          <metrics statements="31" coveredstatements="14" conditionals="4" coveredconditionals="0" methods="9" coveredmethods="1"/>
          <line num="1" count="3" type="stmt"/>
          <line num="2" count="3" type="stmt"/>
          <line num="3" count="3" type="stmt"/>
          <line num="4" count="3" type="stmt"/>
          <line num="5" count="3" type="stmt"/>
          <line num="6" count="3" type="stmt"/>
          <line num="7" count="3" type="stmt"/>
          <line num="8" count="3" type="stmt"/>
          <line num="16" count="3" type="stmt"/>
          <line num="17" count="3" type="stmt"/>
          <line num="88" count="3" type="stmt"/>
          <line num="90" count="0" type="stmt"/>
          <line num="91" count="0" type="stmt"/>
          <line num="92" count="0" type="stmt"/>
          <line num="95" count="0" type="stmt"/>
          <line num="98" count="3" type="stmt"/>
          <line num="101" count="0" type="stmt"/>
          <line num="105" count="0" type="stmt"/>
          <line num="107" count="0" type="cond" truecount="0" falsecount="2"/>
          <line num="108" count="0" type="stmt"/>
          <line num="110" count="0" type="stmt"/>
          <line num="113" count="0" type="stmt"/>
          <line num="120" count="0" type="stmt"/>
          <line num="121" count="0" type="stmt"/>
          <line num="123" count="0" type="stmt"/>
          <line num="128" count="0" type="stmt"/>
          <line num="151" count="0" type="stmt"/>
          <line num="159" count="0" type="stmt"/>
          <line num="185" count="0" type="stmt"/>
          <line num="196" count="3" type="stmt"/>
          <line num="201" count="3" type="stmt"/>
        </file>
      </package>
      <package name="nSights.src.Home.components">
        <metrics statements="166" coveredstatements="78" conditionals="42" coveredconditionals="0" methods="50" coveredmethods="4"/>
        <file name="Home.js" path="D:\nsights_project\nSights\Mobile App\nSights\src\Home\components\Home.js">
          <metrics statements="93" coveredstatements="44" conditionals="36" coveredconditionals="0" methods="27" coveredmethods="1"/>
          <line num="1" count="3" type="stmt"/>
          <line num="4" count="3" type="stmt"/>
          <line num="5" count="3" type="stmt"/>
          <line num="6" count="3" type="stmt"/>
          <line num="7" count="3" type="stmt"/>
          <line num="8" count="3" type="stmt"/>
          <line num="10" count="3" type="stmt"/>
          <line num="11" count="3" type="stmt"/>
          <line num="12" count="3" type="stmt"/>
          <line num="13" count="3" type="stmt"/>
          <line num="14" count="3" type="stmt"/>
          <line num="15" count="3" type="stmt"/>
          <line num="16" count="3" type="stmt"/>
          <line num="17" count="3" type="stmt"/>
          <line num="18" count="3" type="stmt"/>
          <line num="19" count="3" type="stmt"/>
          <line num="20" count="3" type="stmt"/>
          <line num="21" count="3" type="stmt"/>
          <line num="22" count="3" type="stmt"/>
          <line num="23" count="3" type="stmt"/>
          <line num="24" count="3" type="stmt"/>
          <line num="27" count="3" type="stmt"/>
          <line num="28" count="3" type="stmt"/>
          <line num="29" count="3" type="stmt"/>
          <line num="30" count="3" type="stmt"/>
          <line num="31" count="3" type="stmt"/>
          <line num="32" count="3" type="stmt"/>
          <line num="33" count="3" type="stmt"/>
          <line num="34" count="3" type="stmt"/>
          <line num="38" count="3" type="stmt"/>
          <line num="130" count="3" type="stmt"/>
          <line num="131" count="3" type="stmt"/>
          <line num="132" count="3" type="stmt"/>
          <line num="133" count="3" type="stmt"/>
          <line num="134" count="0" type="stmt"/>
          <line num="135" count="0" type="stmt"/>
          <line num="159" count="0" type="stmt"/>
          <line num="160" count="0" type="stmt"/>
          <line num="161" count="0" type="stmt"/>
          <line num="164" count="0" type="cond" truecount="0" falsecount="2"/>
          <line num="165" count="0" type="stmt"/>
          <line num="166" count="0" type="stmt"/>
          <line num="168" count="0" type="stmt"/>
          <line num="170" count="0" type="stmt"/>
          <line num="173" count="0" type="cond" truecount="0" falsecount="2"/>
          <line num="174" count="0" type="stmt"/>
          <line num="176" count="0" type="stmt"/>
          <line num="185" count="0" type="cond" truecount="0" falsecount="2"/>
          <line num="186" count="0" type="stmt"/>
          <line num="193" count="0" type="stmt"/>
          <line num="210" count="0" type="stmt"/>
          <line num="212" count="3" type="stmt"/>
          <line num="215" count="0" type="stmt"/>
          <line num="218" count="0" type="stmt"/>
          <line num="219" count="0" type="stmt"/>
          <line num="222" count="0" type="stmt"/>
          <line num="223" count="0" type="stmt"/>
          <line num="224" count="0" type="stmt"/>
          <line num="225" count="0" type="stmt"/>
          <line num="231" count="0" type="stmt"/>
          <line num="246" count="0" type="stmt"/>
          <line num="257" count="0" type="stmt"/>
          <line num="266" count="0" type="stmt"/>
          <line num="295" count="0" type="cond" truecount="0" falsecount="2"/>
          <line num="297" count="0" type="stmt"/>
          <line num="336" count="0" type="stmt"/>
          <line num="345" count="0" type="stmt"/>
          <line num="356" count="0" type="stmt"/>
          <line num="362" count="0" type="stmt"/>
          <line num="368" count="0" type="stmt"/>
          <line num="379" count="3" type="stmt"/>
          <line num="381" count="3" type="stmt"/>
          <line num="447" count="3" type="stmt"/>
          <line num="525" count="3" type="stmt"/>
          <line num="556" count="3" type="stmt"/>
          <line num="593" count="3" type="stmt"/>
          <line num="608" count="3" type="stmt"/>
          <line num="620" count="0" type="stmt"/>
          <line num="621" count="0" type="stmt"/>
          <line num="627" count="3" type="stmt"/>
          <line num="633" count="3" type="stmt"/>
          <line num="634" count="0" type="stmt"/>
          <line num="638" count="0" type="cond" truecount="0" falsecount="2"/>
          <line num="640" count="0" type="cond" truecount="0" falsecount="2"/>
          <line num="641" count="0" type="cond" truecount="0" falsecount="2"/>
          <line num="643" count="0" type="cond" truecount="0" falsecount="2"/>
          <line num="644" count="0" type="cond" truecount="0" falsecount="2"/>
          <line num="647" count="0" type="cond" truecount="0" falsecount="2"/>
          <line num="648" count="0" type="cond" truecount="0" falsecount="2"/>
          <line num="651" count="0" type="cond" truecount="0" falsecount="2"/>
          <line num="652" count="0" type="cond" truecount="0" falsecount="2"/>
          <line num="655" count="0" type="stmt"/>
          <line num="659" count="0" type="stmt"/>
        </file>
        <file name="Notifications.js" path="D:\nsights_project\nSights\Mobile App\nSights\src\Home\components\Notifications.js">
          <metrics statements="22" coveredstatements="17" conditionals="0" coveredconditionals="0" methods="5" coveredmethods="1"/>
          <line num="1" count="3" type="stmt"/>
          <line num="2" count="3" type="stmt"/>
          <line num="3" count="3" type="stmt"/>
          <line num="4" count="3" type="stmt"/>
          <line num="5" count="3" type="stmt"/>
          <line num="6" count="3" type="stmt"/>
          <line num="7" count="3" type="stmt"/>
          <line num="8" count="3" type="stmt"/>
          <line num="9" count="3" type="stmt"/>
          <line num="10" count="3" type="stmt"/>
          <line num="12" count="3" type="stmt"/>
          <line num="15" count="3" type="stmt"/>
          <line num="79" count="3" type="stmt"/>
          <line num="81" count="3" type="stmt"/>
          <line num="83" count="0" type="stmt"/>
          <line num="85" count="3" type="stmt"/>
          <line num="88" count="0" type="stmt"/>
          <line num="89" count="0" type="stmt"/>
          <line num="95" count="0" type="stmt"/>
          <line num="111" count="0" type="stmt"/>
          <line num="131" count="3" type="stmt"/>
          <line num="133" count="3" type="stmt"/>
        </file>
        <file name="PositiveQuotes.js" path="D:\nsights_project\nSights\Mobile App\nSights\src\Home\components\PositiveQuotes.js">
          <metrics statements="27" coveredstatements="6" conditionals="4" coveredconditionals="0" methods="11" coveredmethods="1"/>
          <line num="1" count="3" type="stmt"/>
          <line num="2" count="3" type="stmt"/>
          <line num="13" count="3" type="stmt"/>
          <line num="14" count="0" type="stmt"/>
          <line num="15" count="0" type="stmt"/>
          <line num="16" count="0" type="stmt"/>
          <line num="17" count="0" type="stmt"/>
          <line num="19" count="3" type="stmt"/>
          <line num="21" count="0" type="stmt"/>
          <line num="24" count="0" type="stmt"/>
          <line num="25" count="0" type="cond" truecount="0" falsecount="2"/>
          <line num="27" count="0" type="cond" truecount="0" falsecount="2"/>
          <line num="28" count="0" type="stmt"/>
          <line num="29" count="0" type="stmt"/>
          <line num="31" count="0" type="stmt"/>
          <line num="37" count="0" type="stmt"/>
          <line num="38" count="0" type="stmt"/>
          <line num="44" count="0" type="stmt"/>
          <line num="46" count="0" type="stmt"/>
          <line num="47" count="0" type="stmt"/>
          <line num="52" count="0" type="stmt"/>
          <line num="54" count="0" type="stmt"/>
          <line num="55" count="0" type="stmt"/>
          <line num="63" count="0" type="stmt"/>
          <line num="78" count="0" type="stmt"/>
          <line num="90" count="3" type="stmt"/>
          <line num="93" count="3" type="stmt"/>
        </file>
        <file name="ReportUser.js" path="D:\nsights_project\nSights\Mobile App\nSights\src\Home\components\ReportUser.js">
          <metrics statements="24" coveredstatements="11" conditionals="2" coveredconditionals="0" methods="7" coveredmethods="1"/>
          <line num="1" count="3" type="stmt"/>
          <line num="2" count="3" type="stmt"/>
          <line num="3" count="3" type="stmt"/>
          <line num="4" count="3" type="stmt"/>
          <line num="5" count="3" type="stmt"/>
          <line num="6" count="3" type="stmt"/>
          <line num="8" count="3" type="stmt"/>
          <line num="24" count="3" type="stmt"/>
          <line num="25" count="0" type="stmt"/>
          <line num="26" count="0" type="stmt"/>
          <line num="27" count="0" type="stmt"/>
          <line num="29" count="0" type="stmt"/>
          <line num="31" count="3" type="stmt"/>
          <line num="34" count="0" type="cond" truecount="0" falsecount="2"/>
          <line num="35" count="0" type="stmt"/>
          <line num="36" count="0" type="stmt"/>
          <line num="38" count="0" type="stmt"/>
          <line num="41" count="0" type="stmt"/>
          <line num="42" count="0" type="stmt"/>
          <line num="47" count="0" type="stmt"/>
          <line num="58" count="0" type="stmt"/>
          <line num="68" count="0" type="stmt"/>
          <line num="93" count="3" type="stmt"/>
          <line num="95" count="3" type="stmt"/>
        </file>
      </package>
      <package name="nSights.src.Key Results.components">
        <metrics statements="194" coveredstatements="89" conditionals="24" coveredconditionals="0" methods="83" coveredmethods="5"/>
        <file name="ChuteTime.js" path="D:\nsights_project\nSights\Mobile App\nSights\src\Key Results\components\ChuteTime.js">
          <metrics statements="45" coveredstatements="19" conditionals="6" coveredconditionals="0" methods="16" coveredmethods="1"/>
          <line num="1" count="3" type="stmt"/>
          <line num="3" count="3" type="stmt"/>
          <line num="4" count="3" type="stmt"/>
          <line num="5" count="3" type="stmt"/>
          <line num="6" count="3" type="stmt"/>
          <line num="7" count="3" type="stmt"/>
          <line num="8" count="3" type="stmt"/>
          <line num="9" count="3" type="stmt"/>
          <line num="10" count="3" type="stmt"/>
          <line num="11" count="3" type="stmt"/>
          <line num="12" count="3" type="stmt"/>
          <line num="13" count="3" type="stmt"/>
          <line num="14" count="3" type="stmt"/>
          <line num="15" count="3" type="stmt"/>
          <line num="17" count="3" type="stmt"/>
          <line num="21" count="3" type="stmt"/>
          <line num="23" count="0" type="stmt"/>
          <line num="24" count="0" type="stmt"/>
          <line num="57" count="3" type="stmt"/>
          <line num="63" count="0" type="stmt"/>
          <line num="64" count="0" type="stmt"/>
          <line num="69" count="0" type="stmt"/>
          <line num="70" count="0" type="stmt"/>
          <line num="72" count="0" type="stmt"/>
          <line num="74" count="0" type="stmt"/>
          <line num="78" count="0" type="stmt"/>
          <line num="80" count="0" type="stmt"/>
          <line num="85" count="0" type="stmt"/>
          <line num="90" count="0" type="stmt"/>
          <line num="95" count="0" type="stmt"/>
          <line num="101" count="0" type="stmt"/>
          <line num="119" count="0" type="stmt"/>
          <line num="122" count="0" type="stmt"/>
          <line num="125" count="0" type="stmt"/>
          <line num="190" count="0" type="stmt"/>
          <line num="212" count="0" type="stmt"/>
          <line num="233" count="0" type="stmt"/>
          <line num="311" count="0" type="stmt"/>
          <line num="333" count="0" type="stmt"/>
          <line num="354" count="0" type="stmt"/>
          <line num="429" count="0" type="stmt"/>
          <line num="451" count="0" type="stmt"/>
          <line num="472" count="0" type="stmt"/>
          <line num="495" count="3" type="stmt"/>
          <line num="499" count="3" type="stmt"/>
        </file>
        <file name="HospitalTurnaroundTime.js" path="D:\nsights_project\nSights\Mobile App\nSights\src\Key Results\components\HospitalTurnaroundTime.js">
          <metrics statements="40" coveredstatements="18" conditionals="6" coveredconditionals="0" methods="18" coveredmethods="1"/>
          <line num="1" count="3" type="stmt"/>
          <line num="3" count="3" type="stmt"/>
          <line num="4" count="3" type="stmt"/>
          <line num="5" count="3" type="stmt"/>
          <line num="6" count="3" type="stmt"/>
          <line num="7" count="3" type="stmt"/>
          <line num="8" count="3" type="stmt"/>
          <line num="9" count="3" type="stmt"/>
          <line num="10" count="3" type="stmt"/>
          <line num="11" count="3" type="stmt"/>
          <line num="13" count="3" type="stmt"/>
          <line num="14" count="3" type="stmt"/>
          <line num="15" count="3" type="stmt"/>
          <line num="18" count="3" type="stmt"/>
          <line num="22" count="3" type="stmt"/>
          <line num="24" count="0" type="stmt"/>
          <line num="25" count="0" type="stmt"/>
          <line num="70" count="3" type="stmt"/>
          <line num="76" count="0" type="stmt"/>
          <line num="79" count="0" type="stmt"/>
          <line num="81" count="0" type="stmt"/>
          <line num="85" count="0" type="stmt"/>
          <line num="99" count="0" type="stmt"/>
          <line num="113" count="0" type="stmt"/>
          <line num="115" count="0" type="stmt"/>
          <line num="116" count="0" type="stmt"/>
          <line num="117" count="0" type="stmt"/>
          <line num="129" count="0" type="stmt"/>
          <line num="134" count="0" type="stmt"/>
          <line num="152" count="0" type="stmt"/>
          <line num="155" count="0" type="stmt"/>
          <line num="158" count="0" type="stmt"/>
          <line num="220" count="0" type="stmt"/>
          <line num="270" count="0" type="stmt"/>
          <line num="369" count="0" type="stmt"/>
          <line num="415" count="0" type="stmt"/>
          <line num="515" count="0" type="stmt"/>
          <line num="563" count="0" type="stmt"/>
          <line num="619" count="3" type="stmt"/>
          <line num="623" count="3" type="stmt"/>
        </file>
        <file name="KeyResults.js" path="D:\nsights_project\nSights\Mobile App\nSights\src\Key Results\components\KeyResults.js">
          <metrics statements="20" coveredstatements="13" conditionals="0" coveredconditionals="0" methods="7" coveredmethods="1"/>
          <line num="1" count="3" type="stmt"/>
          <line num="3" count="3" type="stmt"/>
          <line num="4" count="3" type="stmt"/>
          <line num="5" count="3" type="stmt"/>
          <line num="6" count="3" type="stmt"/>
          <line num="7" count="3" type="stmt"/>
          <line num="8" count="3" type="stmt"/>
          <line num="9" count="3" type="stmt"/>
          <line num="10" count="3" type="stmt"/>
          <line num="11" count="3" type="stmt"/>
          <line num="14" count="3" type="stmt"/>
          <line num="16" count="0" type="stmt"/>
          <line num="18" count="3" type="stmt"/>
          <line num="19" count="0" type="stmt"/>
          <line num="20" count="0" type="stmt"/>
          <line num="58" count="0" type="stmt"/>
          <line num="72" count="0" type="stmt"/>
          <line num="85" count="0" type="stmt"/>
          <line num="98" count="0" type="stmt"/>
          <line num="117" count="3" type="stmt"/>
        </file>
        <file name="OnSceneTime.js" path="D:\nsights_project\nSights\Mobile App\nSights\src\Key Results\components\OnSceneTime.js">
          <metrics statements="41" coveredstatements="19" conditionals="6" coveredconditionals="0" methods="18" coveredmethods="1"/>
          <line num="1" count="3" type="stmt"/>
          <line num="3" count="3" type="stmt"/>
          <line num="4" count="3" type="stmt"/>
          <line num="5" count="3" type="stmt"/>
          <line num="6" count="3" type="stmt"/>
          <line num="7" count="3" type="stmt"/>
          <line num="8" count="3" type="stmt"/>
          <line num="9" count="3" type="stmt"/>
          <line num="10" count="3" type="stmt"/>
          <line num="11" count="3" type="stmt"/>
          <line num="12" count="3" type="stmt"/>
          <line num="13" count="3" type="stmt"/>
          <line num="14" count="3" type="stmt"/>
          <line num="15" count="3" type="stmt"/>
          <line num="17" count="3" type="stmt"/>
          <line num="21" count="3" type="stmt"/>
          <line num="23" count="0" type="stmt"/>
          <line num="24" count="0" type="stmt"/>
          <line num="69" count="3" type="stmt"/>
          <line num="75" count="0" type="stmt"/>
          <line num="77" count="0" type="stmt"/>
          <line num="79" count="0" type="stmt"/>
          <line num="83" count="0" type="stmt"/>
          <line num="97" count="0" type="stmt"/>
          <line num="111" count="0" type="stmt"/>
          <line num="113" count="0" type="stmt"/>
          <line num="114" count="0" type="stmt"/>
          <line num="115" count="0" type="stmt"/>
          <line num="126" count="0" type="stmt"/>
          <line num="133" count="0" type="stmt"/>
          <line num="150" count="0" type="stmt"/>
          <line num="153" count="0" type="stmt"/>
          <line num="156" count="0" type="stmt"/>
          <line num="213" count="0" type="stmt"/>
          <line num="262" count="0" type="stmt"/>
          <line num="360" count="0" type="stmt"/>
          <line num="406" count="0" type="stmt"/>
          <line num="503" count="0" type="stmt"/>
          <line num="551" count="0" type="stmt"/>
          <line num="607" count="3" type="stmt"/>
          <line num="611" count="3" type="stmt"/>
        </file>
        <file name="ResponseTime.js" path="D:\nsights_project\nSights\Mobile App\nSights\src\Key Results\components\ResponseTime.js">
          <metrics statements="48" coveredstatements="20" conditionals="6" coveredconditionals="0" methods="24" coveredmethods="1"/>
          <line num="1" count="3" type="stmt"/>
          <line num="3" count="3" type="stmt"/>
          <line num="4" count="3" type="stmt"/>
          <line num="5" count="3" type="stmt"/>
          <line num="6" count="3" type="stmt"/>
          <line num="7" count="3" type="stmt"/>
          <line num="8" count="3" type="stmt"/>
          <line num="9" count="3" type="stmt"/>
          <line num="10" count="3" type="stmt"/>
          <line num="11" count="3" type="stmt"/>
          <line num="12" count="3" type="stmt"/>
          <line num="13" count="3" type="stmt"/>
          <line num="14" count="3" type="stmt"/>
          <line num="15" count="3" type="stmt"/>
          <line num="16" count="3" type="stmt"/>
          <line num="18" count="3" type="stmt"/>
          <line num="22" count="3" type="stmt"/>
          <line num="24" count="0" type="stmt"/>
          <line num="25" count="0" type="stmt"/>
          <line num="70" count="3" type="stmt"/>
          <line num="76" count="0" type="stmt"/>
          <line num="80" count="0" type="stmt"/>
          <line num="82" count="0" type="stmt"/>
          <line num="86" count="0" type="stmt"/>
          <line num="100" count="0" type="stmt"/>
          <line num="114" count="0" type="stmt"/>
          <line num="116" count="0" type="stmt"/>
          <line num="117" count="0" type="stmt"/>
          <line num="118" count="0" type="stmt"/>
          <line num="129" count="0" type="stmt"/>
          <line num="136" count="0" type="stmt"/>
          <line num="154" count="0" type="stmt"/>
          <line num="157" count="0" type="stmt"/>
          <line num="160" count="0" type="stmt"/>
          <line num="208" count="0" type="stmt"/>
          <line num="220" count="0" type="stmt"/>
          <line num="248" count="0" type="stmt"/>
          <line num="297" count="0" type="stmt"/>
          <line num="384" count="0" type="stmt"/>
          <line num="396" count="0" type="stmt"/>
          <line num="424" count="0" type="stmt"/>
          <line num="470" count="0" type="stmt"/>
          <line num="558" count="0" type="stmt"/>
          <line num="570" count="0" type="stmt"/>
          <line num="598" count="0" type="stmt"/>
          <line num="646" count="0" type="stmt"/>
          <line num="698" count="3" type="stmt"/>
          <line num="702" count="3" type="stmt"/>
        </file>
      </package>
      <package name="nSights.src.Leader Boards.components">
        <metrics statements="53" coveredstatements="28" conditionals="8" coveredconditionals="0" methods="23" coveredmethods="5"/>
        <file name="LeaderBoards.js" path="D:\nsights_project\nSights\Mobile App\nSights\src\Leader Boards\components\LeaderBoards.js">
          <metrics statements="53" coveredstatements="28" conditionals="8" coveredconditionals="0" methods="23" coveredmethods="5"/>
          <line num="1" count="3" type="stmt"/>
          <line num="2" count="3" type="stmt"/>
          <line num="3" count="3" type="stmt"/>
          <line num="4" count="3" type="stmt"/>
          <line num="5" count="3" type="stmt"/>
          <line num="6" count="3" type="stmt"/>
          <line num="7" count="3" type="stmt"/>
          <line num="9" count="3" type="stmt"/>
          <line num="10" count="3" type="stmt"/>
          <line num="11" count="3" type="stmt"/>
          <line num="18" count="3" type="stmt"/>
          <line num="101" count="3" type="stmt"/>
          <line num="186" count="3" type="stmt"/>
          <line num="188" count="3" type="stmt"/>
          <line num="193" count="0" type="stmt"/>
          <line num="214" count="3" type="stmt"/>
          <line num="218" count="3" type="stmt"/>
          <line num="221" count="0" type="cond" truecount="0" falsecount="2"/>
          <line num="222" count="0" type="stmt"/>
          <line num="233" count="0" type="stmt"/>
          <line num="239" count="3" type="stmt"/>
          <line num="242" count="0" type="stmt"/>
          <line num="244" count="0" type="stmt"/>
          <line num="250" count="0" type="stmt"/>
          <line num="290" count="3" type="stmt"/>
          <line num="294" count="3" type="stmt"/>
          <line num="297" count="0" type="cond" truecount="0" falsecount="2"/>
          <line num="298" count="0" type="stmt"/>
          <line num="309" count="0" type="stmt"/>
          <line num="315" count="3" type="stmt"/>
          <line num="317" count="0" type="stmt"/>
          <line num="319" count="0" type="stmt"/>
          <line num="324" count="0" type="stmt"/>
          <line num="358" count="3" type="stmt"/>
          <line num="362" count="3" type="stmt"/>
          <line num="365" count="0" type="cond" truecount="0" falsecount="2"/>
          <line num="366" count="0" type="stmt"/>
          <line num="377" count="0" type="stmt"/>
          <line num="383" count="3" type="stmt"/>
          <line num="385" count="0" type="stmt"/>
          <line num="387" count="0" type="stmt"/>
          <line num="392" count="0" type="stmt"/>
          <line num="426" count="3" type="stmt"/>
          <line num="430" count="3" type="stmt"/>
          <line num="433" count="0" type="cond" truecount="0" falsecount="2"/>
          <line num="434" count="0" type="stmt"/>
          <line num="445" count="0" type="stmt"/>
          <line num="451" count="3" type="stmt"/>
          <line num="453" count="0" type="stmt"/>
          <line num="455" count="0" type="stmt"/>
          <line num="460" count="0" type="stmt"/>
          <line num="494" count="3" type="stmt"/>
          <line num="500" count="3" type="stmt"/>
        </file>
      </package>
      <package name="nSights.src.Login.components">
        <metrics statements="42" coveredstatements="10" conditionals="19" coveredconditionals="0" methods="15" coveredmethods="1"/>
        <file name="Login.js" path="D:\nsights_project\nSights\Mobile App\nSights\src\Login\components\Login.js">
          <metrics statements="42" coveredstatements="10" conditionals="19" coveredconditionals="0" methods="15" coveredmethods="1"/>
          <line num="1" count="3" type="stmt"/>
          <line num="2" count="3" type="stmt"/>
          <line num="3" count="3" type="stmt"/>
          <line num="4" count="3" type="stmt"/>
          <line num="5" count="3" type="stmt"/>
          <line num="6" count="3" type="stmt"/>
          <line num="8" count="3" type="stmt"/>
          <line num="9" count="0" type="stmt"/>
          <line num="10" count="0" type="stmt"/>
          <line num="30" count="0" type="stmt"/>
          <line num="33" count="0" type="cond" truecount="0" falsecount="2"/>
          <line num="34" count="0" type="stmt"/>
          <line num="36" count="0" type="stmt"/>
          <line num="39" count="0" type="stmt"/>
          <line num="42" count="0" type="cond" truecount="0" falsecount="2"/>
          <line num="43" count="0" type="stmt"/>
          <line num="45" count="0" type="stmt"/>
          <line num="48" count="0" type="stmt"/>
          <line num="51" count="0" type="cond" truecount="0" falsecount="2"/>
          <line num="52" count="0" type="stmt"/>
          <line num="54" count="0" type="stmt"/>
          <line num="57" count="0" type="stmt"/>
          <line num="60" count="0" type="cond" truecount="0" falsecount="2"/>
          <line num="61" count="0" type="stmt"/>
          <line num="63" count="0" type="stmt"/>
          <line num="68" count="0" type="cond" truecount="0" falsecount="3"/>
          <line num="76" count="0" type="cond" truecount="0" falsecount="4"/>
          <line num="77" count="0" type="stmt"/>
          <line num="80" count="0" type="stmt"/>
          <line num="81" count="3" type="stmt"/>
          <line num="84" count="0" type="stmt"/>
          <line num="85" count="0" type="stmt"/>
          <line num="86" count="0" type="stmt"/>
          <line num="87" count="0" type="stmt"/>
          <line num="88" count="0" type="stmt"/>
          <line num="108" count="0" type="stmt"/>
          <line num="113" count="0" type="stmt"/>
          <line num="117" count="0" type="stmt"/>
          <line num="129" count="0" type="stmt"/>
          <line num="134" count="0" type="stmt"/>
          <line num="147" count="3" type="stmt"/>
          <line num="150" count="3" type="stmt"/>
        </file>
      </package>
      <package name="nSights.src.Profile.components">
        <metrics statements="104" coveredstatements="70" conditionals="2" coveredconditionals="0" methods="37" coveredmethods="6"/>
        <file name="Achievements.js" path="D:\nsights_project\nSights\Mobile App\nSights\src\Profile\components\Achievements.js">
          <metrics statements="27" coveredstatements="17" conditionals="0" coveredconditionals="0" methods="10" coveredmethods="1"/>
          <line num="1" count="3" type="stmt"/>
          <line num="2" count="3" type="stmt"/>
          <line num="3" count="3" type="stmt"/>
          <line num="4" count="3" type="stmt"/>
          <line num="5" count="3" type="stmt"/>
          <line num="6" count="3" type="stmt"/>
          <line num="7" count="3" type="stmt"/>
          <line num="8" count="3" type="stmt"/>
          <line num="9" count="3" type="stmt"/>
          <line num="10" count="3" type="stmt"/>
          <line num="11" count="3" type="stmt"/>
          <line num="15" count="3" type="stmt"/>
          <line num="25" count="3" type="stmt"/>
          <line num="27" count="3" type="stmt"/>
          <line num="29" count="0" type="stmt"/>
          <line num="31" count="3" type="stmt"/>
          <line num="33" count="0" type="stmt"/>
          <line num="35" count="0" type="stmt"/>
          <line num="41" count="0" type="stmt"/>
          <line num="72" count="0" type="stmt"/>
          <line num="94" count="0" type="stmt"/>
          <line num="114" count="0" type="stmt"/>
          <line num="138" count="0" type="stmt"/>
          <line num="158" count="0" type="stmt"/>
          <line num="178" count="0" type="stmt"/>
          <line num="195" count="3" type="stmt"/>
          <line num="197" count="3" type="stmt"/>
        </file>
        <file name="Bookmarks.js" path="D:\nsights_project\nSights\Mobile App\nSights\src\Profile\components\Bookmarks.js">
          <metrics statements="23" coveredstatements="18" conditionals="0" coveredconditionals="0" methods="5" coveredmethods="1"/>
          <line num="1" count="3" type="stmt"/>
          <line num="2" count="3" type="stmt"/>
          <line num="3" count="3" type="stmt"/>
          <line num="4" count="3" type="stmt"/>
          <line num="5" count="3" type="stmt"/>
          <line num="6" count="3" type="stmt"/>
          <line num="7" count="3" type="stmt"/>
          <line num="8" count="3" type="stmt"/>
          <line num="9" count="3" type="stmt"/>
          <line num="10" count="3" type="stmt"/>
          <line num="11" count="3" type="stmt"/>
          <line num="12" count="3" type="stmt"/>
          <line num="15" count="3" type="stmt"/>
          <line num="58" count="3" type="stmt"/>
          <line num="60" count="3" type="stmt"/>
          <line num="62" count="0" type="stmt"/>
          <line num="64" count="3" type="stmt"/>
          <line num="67" count="0" type="stmt"/>
          <line num="68" count="0" type="stmt"/>
          <line num="74" count="0" type="stmt"/>
          <line num="89" count="0" type="stmt"/>
          <line num="128" count="3" type="stmt"/>
          <line num="130" count="3" type="stmt"/>
        </file>
        <file name="Profile.js" path="D:\nsights_project\nSights\Mobile App\nSights\src\Profile\components\Profile.js">
          <metrics statements="26" coveredstatements="15" conditionals="0" coveredconditionals="0" methods="10" coveredmethods="1"/>
          <line num="1" count="3" type="stmt"/>
          <line num="3" count="3" type="stmt"/>
          <line num="4" count="3" type="stmt"/>
          <line num="5" count="3" type="stmt"/>
          <line num="6" count="3" type="stmt"/>
          <line num="7" count="3" type="stmt"/>
          <line num="8" count="3" type="stmt"/>
          <line num="9" count="3" type="stmt"/>
          <line num="10" count="3" type="stmt"/>
          <line num="11" count="3" type="stmt"/>
          <line num="14" count="3" type="stmt"/>
          <line num="24" count="3" type="stmt"/>
          <line num="26" count="0" type="stmt"/>
          <line num="27" count="0" type="stmt"/>
          <line num="30" count="3" type="stmt"/>
          <line num="34" count="0" type="stmt"/>
          <line num="36" count="0" type="stmt"/>
          <line num="37" count="0" type="stmt"/>
          <line num="43" count="0" type="stmt"/>
          <line num="53" count="0" type="stmt"/>
          <line num="88" count="0" type="stmt"/>
          <line num="124" count="0" type="stmt"/>
          <line num="143" count="0" type="stmt"/>
          <line num="156" count="0" type="stmt"/>
          <line num="165" count="3" type="stmt"/>
          <line num="169" count="3" type="stmt"/>
        </file>
        <file name="Rating_Comments.js" path="D:\nsights_project\nSights\Mobile App\nSights\src\Profile\components\Rating_Comments.js">
          <metrics statements="28" coveredstatements="20" conditionals="2" coveredconditionals="0" methods="12" coveredmethods="3"/>
          <line num="1" count="3" type="stmt"/>
          <line num="2" count="3" type="stmt"/>
          <line num="3" count="3" type="stmt"/>
          <line num="4" count="3" type="stmt"/>
          <line num="5" count="3" type="stmt"/>
          <line num="6" count="3" type="stmt"/>
          <line num="7" count="3" type="stmt"/>
          <line num="8" count="3" type="stmt"/>
          <line num="9" count="3" type="stmt"/>
          <line num="16" count="3" type="stmt"/>
          <line num="91" count="3" type="stmt"/>
          <line num="98" count="3" type="stmt"/>
          <line num="99" count="3" type="stmt"/>
          <line num="103" count="3" type="stmt"/>
          <line num="104" count="0" type="stmt"/>
          <line num="105" count="0" type="stmt"/>
          <line num="110" count="0" type="stmt"/>
          <line num="134" count="3" type="stmt"/>
          <line num="138" count="3" type="stmt"/>
          <line num="140" count="0" type="stmt"/>
          <line num="241" count="3" type="stmt"/>
          <line num="245" count="3" type="stmt"/>
          <line num="247" count="0" type="stmt"/>
          <line num="248" count="0" type="stmt"/>
          <line num="252" count="0" type="stmt"/>
          <line num="266" count="0" type="stmt"/>
          <line num="279" count="3" type="stmt"/>
          <line num="283" count="3" type="stmt"/>
        </file>
      </package>
      <package name="nSights.src.Search.components">
        <metrics statements="22" coveredstatements="17" conditionals="0" coveredconditionals="0" methods="15" coveredmethods="5"/>
        <file name="Search.js" path="D:\nsights_project\nSights\Mobile App\nSights\src\Search\components\Search.js">
          <metrics statements="22" coveredstatements="17" conditionals="0" coveredconditionals="0" methods="15" coveredmethods="5"/>
          <line num="1" count="3" type="stmt"/>
          <line num="2" count="3" type="stmt"/>
          <line num="3" count="3" type="stmt"/>
          <line num="4" count="3" type="stmt"/>
          <line num="5" count="3" type="stmt"/>
          <line num="8" count="3" type="stmt"/>
          <line num="10" count="3" type="stmt"/>
          <line num="12" count="0" type="stmt"/>
          <line num="47" count="3" type="stmt"/>
          <line num="51" count="3" type="stmt"/>
          <line num="54" count="0" type="stmt"/>
          <line num="61" count="3" type="stmt"/>
          <line num="64" count="3" type="stmt"/>
          <line num="67" count="0" type="stmt"/>
          <line num="74" count="3" type="stmt"/>
          <line num="77" count="3" type="stmt"/>
          <line num="80" count="0" type="stmt"/>
          <line num="87" count="3" type="stmt"/>
          <line num="90" count="3" type="stmt"/>
          <line num="93" count="0" type="stmt"/>
          <line num="100" count="3" type="stmt"/>
          <line num="103" count="3" type="stmt"/>
        </file>
      </package>
    </metrics>
  </project>
</coverage>
