{"D:\\nsights_project\\nSights\\Mobile App\\nSights\\SampleAPI.js": {"path":"D:\\nsights_project\\nSights\\Mobile App\\nSights\\SampleAPI.js","statementMap":{"0":{"start":{"line":1,"column":42},"end":{"line":1,"column":97}},"1":{"start":{"line":1,"column":98},"end":{"line":1,"column":160}},"2":{"start":{"line":1,"column":160},"end":{"line":1,"column":185}},"3":{"start":{"line":1,"column":208},"end":{"line":1,"column":280}},"4":{"start":{"line":1,"column":301},"end":{"line":1,"column":370}},"5":{"start":{"line":2,"column":19},"end":{"line":2,"column":42}},"6":{"start":{"line":3,"column":14},"end":{"line":3,"column":70}},"7":{"start":{"line":4,"column":12},"end":{"line":114,"column":30}},"8":{"start":{"line":4,"column":47},"end":{"line":4,"column":94}},"9":{"start":{"line":4,"column":95},"end":{"line":114,"column":10}},"10":{"start":{"line":8,"column":6},"end":{"line":8,"column":27}},"11":{"start":{"line":9,"column":6},"end":{"line":9,"column":116}},"12":{"start":{"line":13,"column":6},"end":{"line":13,"column":35}},"13":{"start":{"line":14,"column":6},"end":{"line":14,"column":110}},"14":{"start":{"line":19,"column":6},"end":{"line":24,"column":25}},"15":{"start":{"line":30,"column":6},"end":{"line":32,"column":22}},"16":{"start":{"line":38,"column":6},"end":{"line":42,"column":35}},"17":{"start":{"line":48,"column":6},"end":{"line":50,"column":23}},"18":{"start":{"line":56,"column":6},"end":{"line":56,"column":68}},"19":{"start":{"line":63,"column":6},"end":{"line":71,"column":32}},"20":{"start":{"line":76,"column":6},"end":{"line":76,"column":92}},"21":{"start":{"line":80,"column":6},"end":{"line":80,"column":92}},"22":{"start":{"line":84,"column":6},"end":{"line":84,"column":92}},"23":{"start":{"line":88,"column":6},"end":{"line":88,"column":92}},"24":{"start":{"line":92,"column":6},"end":{"line":92,"column":92}},"25":{"start":{"line":97,"column":6},"end":{"line":97,"column":74}},"26":{"start":{"line":101,"column":6},"end":{"line":101,"column":74}},"27":{"start":{"line":105,"column":6},"end":{"line":105,"column":74}},"28":{"start":{"line":109,"column":6},"end":{"line":109,"column":74}},"29":{"start":{"line":113,"column":6},"end":{"line":113,"column":92}},"30":{"start":{"line":114,"column":10},"end":{"line":114,"column":27}},"31":{"start":{"line":114,"column":31},"end":{"line":114,"column":59}}},"fnMap":{"0":{"name":"(anonymous_0)","decl":{"start":{"line":4,"column":12},"end":{"line":4,"column":13}},"loc":{"start":{"line":4,"column":24},"end":{"line":114,"column":28}},"line":4},"1":{"name":"SampleAPI","decl":{"start":{"line":4,"column":34},"end":{"line":4,"column":43}},"loc":{"start":{"line":4,"column":46},"end":{"line":4,"column":95}},"line":4},"2":{"name":"authenticateUser","decl":{"start":{"line":4,"column":177},"end":{"line":4,"column":193}},"loc":{"start":{"line":7,"column":24},"end":{"line":10,"column":5}},"line":7},"3":{"name":"getAllKudos","decl":{"start":{"line":10,"column":47},"end":{"line":10,"column":58}},"loc":{"start":{"line":12,"column":25},"end":{"line":15,"column":5}},"line":12},"4":{"name":"postKudos","decl":{"start":{"line":15,"column":45},"end":{"line":15,"column":54}},"loc":{"start":{"line":18,"column":4},"end":{"line":26,"column":5}},"line":18},"5":{"name":"checkToDeleteOrMute","decl":{"start":{"line":26,"column":55},"end":{"line":26,"column":74}},"loc":{"start":{"line":29,"column":4},"end":{"line":34,"column":5}},"line":29},"6":{"name":"addPostComment","decl":{"start":{"line":34,"column":50},"end":{"line":34,"column":64}},"loc":{"start":{"line":37,"column":4},"end":{"line":44,"column":5}},"line":37},"7":{"name":"addPostLikes","decl":{"start":{"line":44,"column":48},"end":{"line":44,"column":60}},"loc":{"start":{"line":47,"column":4},"end":{"line":52,"column":5}},"line":47},"8":{"name":"getAllReportReason","decl":{"start":{"line":52,"column":54},"end":{"line":52,"column":72}},"loc":{"start":{"line":55,"column":4},"end":{"line":57,"column":5}},"line":55},"9":{"name":"deleteOrReportPost","decl":{"start":{"line":57,"column":54},"end":{"line":57,"column":72}},"loc":{"start":{"line":62,"column":4},"end":{"line":73,"column":5}},"line":62},"10":{"name":"getProfile","decl":{"start":{"line":73,"column":46},"end":{"line":73,"column":56}},"loc":{"start":{"line":75,"column":12},"end":{"line":77,"column":5}},"line":75},"11":{"name":"getNotifications","decl":{"start":{"line":77,"column":52},"end":{"line":77,"column":68}},"loc":{"start":{"line":79,"column":12},"end":{"line":81,"column":5}},"line":79},"12":{"name":"getAllAchievements","decl":{"start":{"line":81,"column":54},"end":{"line":81,"column":72}},"loc":{"start":{"line":83,"column":12},"end":{"line":85,"column":5}},"line":83},"13":{"name":"getUserRatings","decl":{"start":{"line":85,"column":50},"end":{"line":85,"column":64}},"loc":{"start":{"line":87,"column":12},"end":{"line":89,"column":5}},"line":87},"14":{"name":"getBookmarkedQuotes","decl":{"start":{"line":89,"column":55},"end":{"line":89,"column":74}},"loc":{"start":{"line":91,"column":12},"end":{"line":93,"column":5}},"line":91},"15":{"name":"gaveMostFeedback","decl":{"start":{"line":93,"column":52},"end":{"line":93,"column":68}},"loc":{"start":{"line":96,"column":4},"end":{"line":98,"column":5}},"line":96},"16":{"name":"gotMostFeedback","decl":{"start":{"line":98,"column":51},"end":{"line":98,"column":66}},"loc":{"start":{"line":100,"column":4},"end":{"line":102,"column":5}},"line":100},"17":{"name":"gaveMostKudos","decl":{"start":{"line":102,"column":49},"end":{"line":102,"column":62}},"loc":{"start":{"line":104,"column":4},"end":{"line":106,"column":5}},"line":104},"18":{"name":"gotMostKudos","decl":{"start":{"line":106,"column":48},"end":{"line":106,"column":60}},"loc":{"start":{"line":108,"column":4},"end":{"line":110,"column":5}},"line":108},"19":{"name":"getRankingPosition","decl":{"start":{"line":110,"column":54},"end":{"line":110,"column":72}},"loc":{"start":{"line":112,"column":12},"end":{"line":114,"column":5}},"line":112}},"branchMap":{},"s":{"0":4,"1":4,"2":4,"3":4,"4":4,"5":4,"6":4,"7":4,"8":4,"9":4,"10":1,"11":1,"12":1,"13":1,"14":1,"15":1,"16":1,"17":1,"18":1,"19":1,"20":1,"21":1,"22":1,"23":1,"24":1,"25":1,"26":1,"27":1,"28":1,"29":1,"30":4,"31":4},"f":{"0":4,"1":4,"2":1,"3":1,"4":1,"5":1,"6":1,"7":1,"8":1,"9":1,"10":1,"11":1,"12":1,"13":1,"14":1,"15":1,"16":1,"17":1,"18":1,"19":1},"b":{},"_coverageSchema":"332fd63041d2c1bcb487cc26dd0d5f7d97098a6c","hash":"f084ffdfeffff5d1e7e0fed3f3b37854176fcc9d"}
,"D:\\nsights_project\\nSights\\Mobile App\\nSights\\jestSetup.js": {"path":"D:\\nsights_project\\nSights\\Mobile App\\nSights\\jestSetup.js","statementMap":{"0":{"start":{"line":1,"column":32},"end":{"line":1,"column":55}},"1":{"start":{"line":2,"column":0},"end":{"line":2,"column":82}},"2":{"start":{"line":3,"column":0},"end":{"line":3,"column":98}},"3":{"start":{"line":4,"column":0},"end":{"line":9,"column":36}},"4":{"start":{"line":12,"column":0},"end":{"line":13,"column":31}}},"fnMap":{},"branchMap":{"0":{"loc":{"start":{"line":2,"column":39},"end":{"line":2,"column":81}},"type":"binary-expr","locations":[{"start":{"line":2,"column":39},"end":{"line":2,"column":75}},{"start":{"line":2,"column":79},"end":{"line":2,"column":81}}],"line":2},"1":{"loc":{"start":{"line":3,"column":47},"end":{"line":3,"column":97}},"type":"binary-expr","locations":[{"start":{"line":3,"column":47},"end":{"line":3,"column":91}},{"start":{"line":3,"column":95},"end":{"line":3,"column":97}}],"line":3},"2":{"loc":{"start":{"line":4,"column":52},"end":{"line":9,"column":35}},"type":"binary-expr","locations":[{"start":{"line":4,"column":52},"end":{"line":4,"column":101}},{"start":{"line":4,"column":105},"end":{"line":9,"column":35}}],"line":4},"3":{"loc":{"start":{"line":12,"column":47},"end":{"line":13,"column":30}},"type":"binary-expr","locations":[{"start":{"line":12,"column":47},"end":{"line":12,"column":91}},{"start":{"line":12,"column":95},"end":{"line":13,"column":30}}],"line":12}},"s":{"0":4,"1":4,"2":4,"3":4,"4":4},"f":{},"b":{"0":[4,0],"1":[4,4],"2":[4,4],"3":[4,4]},"_coverageSchema":"332fd63041d2c1bcb487cc26dd0d5f7d97098a6c","hash":"000d8c6f30e229f89da6337a40c17353006550fe"}
,"D:\\nsights_project\\nSights\\Mobile App\\nSights\\src\\Remote.js": {"path":"D:\\nsights_project\\nSights\\Mobile App\\nSights\\src\\Remote.js","statementMap":{"0":{"start":{"line":1,"column":43},"end":{"line":1,"column":99}},"1":{"start":{"line":1,"column":129},"end":{"line":1,"column":184}},"2":{"start":{"line":1,"column":185},"end":{"line":1,"column":247}},"3":{"start":{"line":1,"column":247},"end":{"line":1,"column":272}},"4":{"start":{"line":1,"column":295},"end":{"line":1,"column":367}},"5":{"start":{"line":1,"column":388},"end":{"line":1,"column":457}},"6":{"start":{"line":1,"column":492},"end":{"line":1,"column":575}},"7":{"start":{"line":1,"column":599},"end":{"line":1,"column":671}},"8":{"start":{"line":1,"column":689},"end":{"line":1,"column":755}},"9":{"start":{"line":1,"column":786},"end":{"line":1,"column":865}},"10":{"start":{"line":3,"column":13},"end":{"line":3,"column":54}},"11":{"start":{"line":4,"column":9},"end":{"line":28,"column":43}},"12":{"start":{"line":4,"column":32},"end":{"line":4,"column":76}},"13":{"start":{"line":7,"column":38},"end":{"line":7,"column":82}},"14":{"start":{"line":8,"column":4},"end":{"line":8,"column":109}},"15":{"start":{"line":9,"column":4},"end":{"line":9,"column":126}},"16":{"start":{"line":10,"column":4},"end":{"line":10,"column":53}},"17":{"start":{"line":10,"column":53},"end":{"line":10,"column":66}},"18":{"start":{"line":12,"column":3},"end":{"line":28,"column":10}},"19":{"start":{"line":15,"column":6},"end":{"line":26,"column":9}},"20":{"start":{"line":23,"column":8},"end":{"line":23,"column":31}},"21":{"start":{"line":25,"column":8},"end":{"line":25,"column":27}},"22":{"start":{"line":28,"column":10},"end":{"line":28,"column":24}},"23":{"start":{"line":28,"column":44},"end":{"line":28,"column":69}}},"fnMap":{"0":{"name":"(anonymous_0)","decl":{"start":{"line":4,"column":9},"end":{"line":4,"column":10}},"loc":{"start":{"line":4,"column":31},"end":{"line":28,"column":25}},"line":4},"1":{"name":"Remote","decl":{"start":{"line":7,"column":11},"end":{"line":7,"column":17}},"loc":{"start":{"line":7,"column":27},"end":{"line":12,"column":3}},"line":7},"2":{"name":"fetchJSON","decl":{"start":{"line":12,"column":75},"end":{"line":12,"column":84}},"loc":{"start":{"line":14,"column":28},"end":{"line":28,"column":5}},"line":14},"3":{"name":"(anonymous_3)","decl":{"start":{"line":22,"column":11},"end":{"line":22,"column":12}},"loc":{"start":{"line":22,"column":31},"end":{"line":24,"column":7}},"line":22},"4":{"name":"(anonymous_4)","decl":{"start":{"line":24,"column":15},"end":{"line":24,"column":16}},"loc":{"start":{"line":24,"column":32},"end":{"line":26,"column":7}},"line":24}},"branchMap":{"0":{"loc":{"start":{"line":10,"column":20},"end":{"line":10,"column":52}},"type":"binary-expr","locations":[{"start":{"line":10,"column":20},"end":{"line":10,"column":27}},{"start":{"line":10,"column":31},"end":{"line":10,"column":52}}],"line":10}},"s":{"0":4,"1":4,"2":4,"3":4,"4":4,"5":4,"6":4,"7":4,"8":4,"9":4,"10":4,"11":4,"12":4,"13":18,"14":18,"15":18,"16":18,"17":18,"18":4,"19":18,"20":18,"21":0,"22":4,"23":4},"f":{"0":4,"1":18,"2":18,"3":18,"4":0},"b":{"0":[18,18]},"_coverageSchema":"332fd63041d2c1bcb487cc26dd0d5f7d97098a6c","hash":"aec218d85f1b6ebc251b22712e2cb4370c44b1de"}
,"D:\\nsights_project\\nSights\\Mobile App\\nSights\\src\\Feedback\\components\\Feedback.js": {"path":"D:\\nsights_project\\nSights\\Mobile App\\nSights\\src\\Feedback\\components\\Feedback.js","statementMap":{"0":{"start":{"line":1,"column":42},"end":{"line":1,"column":97}},"1":{"start":{"line":1,"column":128},"end":{"line":1,"column":184}},"2":{"start":{"line":1,"column":185},"end":{"line":1,"column":247}},"3":{"start":{"line":1,"column":247},"end":{"line":1,"column":272}},"4":{"start":{"line":1,"column":295},"end":{"line":1,"column":367}},"5":{"start":{"line":1,"column":388},"end":{"line":1,"column":457}},"6":{"start":{"line":1,"column":492},"end":{"line":1,"column":575}},"7":{"start":{"line":1,"column":599},"end":{"line":1,"column":671}},"8":{"start":{"line":1,"column":689},"end":{"line":1,"column":755}},"9":{"start":{"line":3,"column":13},"end":{"line":3,"column":54}},"10":{"start":{"line":4,"column":18},"end":{"line":4,"column":40}},"11":{"start":{"line":5,"column":19},"end":{"line":5,"column":42}},"12":{"start":{"line":6,"column":27},"end":{"line":6,"column":60}},"13":{"start":{"line":7,"column":18},"end":{"line":7,"column":90}},"14":{"start":{"line":8,"column":16},"end":{"line":8,"column":96}},"15":{"start":{"line":9,"column":30},"end":{"line":9,"column":66}},"16":{"start":{"line":10,"column":36},"end":{"line":10,"column":104}},"17":{"start":{"line":11,"column":17},"end":{"line":11,"column":75}},"18":{"start":{"line":12,"column":29},"end":{"line":12,"column":88}},"19":{"start":{"line":13,"column":19},"end":{"line":13,"column":91}},"20":{"start":{"line":13,"column":111},"end":{"line":13,"column":202}},"21":{"start":{"line":15,"column":16},"end":{"line":15,"column":115}},"22":{"start":{"line":17,"column":20},"end":{"line":67,"column":46}},"23":{"start":{"line":76,"column":11},"end":{"line":497,"column":45}},"24":{"start":{"line":76,"column":34},"end":{"line":76,"column":80}},"25":{"start":{"line":86,"column":38},"end":{"line":86,"column":84}},"26":{"start":{"line":87,"column":4},"end":{"line":87,"column":118}},"27":{"start":{"line":87,"column":118},"end":{"line":87,"column":202}},"28":{"start":{"line":87,"column":159},"end":{"line":87,"column":200}},"29":{"start":{"line":87,"column":202},"end":{"line":261,"column":6}},"30":{"start":{"line":135,"column":6},"end":{"line":260,"column":9}},"31":{"start":{"line":136,"column":8},"end":{"line":153,"column":11}},"32":{"start":{"line":137,"column":10},"end":{"line":148,"column":93}},"33":{"start":{"line":155,"column":6},"end":{"line":260,"column":9}},"34":{"start":{"line":156,"column":8},"end":{"line":170,"column":144}},"35":{"start":{"line":170,"column":46},"end":{"line":170,"column":79}},"36":{"start":{"line":199,"column":8},"end":{"line":260,"column":9}},"37":{"start":{"line":200,"column":10},"end":{"line":217,"column":13}},"38":{"start":{"line":201,"column":12},"end":{"line":212,"column":95}},"39":{"start":{"line":219,"column":8},"end":{"line":260,"column":9}},"40":{"start":{"line":220,"column":10},"end":{"line":234,"column":146}},"41":{"start":{"line":234,"column":48},"end":{"line":234,"column":81}},"42":{"start":{"line":241,"column":8},"end":{"line":260,"column":9}},"43":{"start":{"line":242,"column":10},"end":{"line":259,"column":13}},"44":{"start":{"line":243,"column":12},"end":{"line":254,"column":95}},"45":{"start":{"line":261,"column":6},"end":{"line":261,"column":163}},"46":{"start":{"line":261,"column":163},"end":{"line":261,"column":176}},"47":{"start":{"line":261,"column":177},"end":{"line":497,"column":10}},"48":{"start":{"line":261,"column":270},"end":{"line":261,"column":320}},"49":{"start":{"line":261,"column":398},"end":{"line":261,"column":436}},"50":{"start":{"line":261,"column":514},"end":{"line":261,"column":552}},"51":{"start":{"line":261,"column":630},"end":{"line":261,"column":668}},"52":{"start":{"line":261,"column":746},"end":{"line":261,"column":784}},"53":{"start":{"line":261,"column":862},"end":{"line":261,"column":900}},"54":{"start":{"line":263,"column":18},"end":{"line":263,"column":22}},"55":{"start":{"line":265,"column":6},"end":{"line":484,"column":157}},"56":{"start":{"line":270,"column":107},"end":{"line":270,"column":147}},"57":{"start":{"line":341,"column":55},"end":{"line":341,"column":96}},"58":{"start":{"line":361,"column":55},"end":{"line":361,"column":96}},"59":{"start":{"line":380,"column":55},"end":{"line":380,"column":96}},"60":{"start":{"line":399,"column":55},"end":{"line":399,"column":96}},"61":{"start":{"line":418,"column":55},"end":{"line":418,"column":96}},"62":{"start":{"line":472,"column":39},"end":{"line":472,"column":68}},"63":{"start":{"line":497,"column":10},"end":{"line":497,"column":26}},"64":{"start":{"line":497,"column":46},"end":{"line":497,"column":73}},"65":{"start":{"line":502,"column":13},"end":{"line":563,"column":23}}},"fnMap":{"0":{"name":"(anonymous_0)","decl":{"start":{"line":76,"column":11},"end":{"line":76,"column":12}},"loc":{"start":{"line":76,"column":33},"end":{"line":497,"column":27}},"line":76},"1":{"name":"Feedback","decl":{"start":{"line":86,"column":11},"end":{"line":86,"column":19}},"loc":{"start":{"line":86,"column":27},"end":{"line":261,"column":177}},"line":86},"2":{"name":"(anonymous_2)","decl":{"start":{"line":87,"column":137},"end":{"line":87,"column":138}},"loc":{"start":{"line":87,"column":158},"end":{"line":87,"column":201}},"line":87},"3":{"name":"(anonymous_3)","decl":{"start":{"line":132,"column":19},"end":{"line":132,"column":20}},"loc":{"start":{"line":132,"column":34},"end":{"line":261,"column":5}},"line":132},"4":{"name":"(anonymous_4)","decl":{"start":{"line":136,"column":23},"end":{"line":136,"column":24}},"loc":{"start":{"line":136,"column":39},"end":{"line":153,"column":9}},"line":136},"5":{"name":"onPress","decl":{"start":{"line":170,"column":30},"end":{"line":170,"column":37}},"loc":{"start":{"line":170,"column":45},"end":{"line":170,"column":80}},"line":170},"6":{"name":"(anonymous_6)","decl":{"start":{"line":200,"column":25},"end":{"line":200,"column":26}},"loc":{"start":{"line":200,"column":41},"end":{"line":217,"column":11}},"line":200},"7":{"name":"onPress","decl":{"start":{"line":234,"column":32},"end":{"line":234,"column":39}},"loc":{"start":{"line":234,"column":47},"end":{"line":234,"column":82}},"line":234},"8":{"name":"(anonymous_8)","decl":{"start":{"line":242,"column":25},"end":{"line":242,"column":26}},"loc":{"start":{"line":242,"column":41},"end":{"line":259,"column":11}},"line":242},"9":{"name":"toggleSwitch","decl":{"start":{"line":261,"column":254},"end":{"line":261,"column":266}},"loc":{"start":{"line":261,"column":269},"end":{"line":261,"column":321}},"line":261},"10":{"name":"onStarRatingPress1","decl":{"start":{"line":261,"column":370},"end":{"line":261,"column":388}},"loc":{"start":{"line":261,"column":397},"end":{"line":261,"column":437}},"line":261},"11":{"name":"onStarRatingPress2","decl":{"start":{"line":261,"column":486},"end":{"line":261,"column":504}},"loc":{"start":{"line":261,"column":513},"end":{"line":261,"column":553}},"line":261},"12":{"name":"onStarRatingPress3","decl":{"start":{"line":261,"column":602},"end":{"line":261,"column":620}},"loc":{"start":{"line":261,"column":629},"end":{"line":261,"column":669}},"line":261},"13":{"name":"onStarRatingPress4","decl":{"start":{"line":261,"column":718},"end":{"line":261,"column":736}},"loc":{"start":{"line":261,"column":745},"end":{"line":261,"column":785}},"line":261},"14":{"name":"onStarRatingPress5","decl":{"start":{"line":261,"column":834},"end":{"line":261,"column":852}},"loc":{"start":{"line":261,"column":861},"end":{"line":261,"column":901}},"line":261},"15":{"name":"render","decl":{"start":{"line":261,"column":938},"end":{"line":261,"column":944}},"loc":{"start":{"line":263,"column":4},"end":{"line":497,"column":5}},"line":263},"16":{"name":"onPress","decl":{"start":{"line":270,"column":96},"end":{"line":270,"column":103}},"loc":{"start":{"line":270,"column":106},"end":{"line":270,"column":148}},"line":270},"17":{"name":"selectedStar","decl":{"start":{"line":341,"column":33},"end":{"line":341,"column":45}},"loc":{"start":{"line":341,"column":54},"end":{"line":341,"column":97}},"line":341},"18":{"name":"selectedStar","decl":{"start":{"line":361,"column":33},"end":{"line":361,"column":45}},"loc":{"start":{"line":361,"column":54},"end":{"line":361,"column":97}},"line":361},"19":{"name":"selectedStar","decl":{"start":{"line":380,"column":33},"end":{"line":380,"column":45}},"loc":{"start":{"line":380,"column":54},"end":{"line":380,"column":97}},"line":380},"20":{"name":"selectedStar","decl":{"start":{"line":399,"column":33},"end":{"line":399,"column":45}},"loc":{"start":{"line":399,"column":54},"end":{"line":399,"column":97}},"line":399},"21":{"name":"selectedStar","decl":{"start":{"line":418,"column":33},"end":{"line":418,"column":45}},"loc":{"start":{"line":418,"column":54},"end":{"line":418,"column":97}},"line":418},"22":{"name":"onPress","decl":{"start":{"line":472,"column":28},"end":{"line":472,"column":35}},"loc":{"start":{"line":472,"column":38},"end":{"line":472,"column":69}},"line":472}},"branchMap":{"0":{"loc":{"start":{"line":135,"column":6},"end":{"line":260,"column":9}},"type":"if","locations":[{"start":{"line":135,"column":6},"end":{"line":260,"column":9}},{"start":{"line":135,"column":6},"end":{"line":260,"column":9}}],"line":135},"1":{"loc":{"start":{"line":155,"column":6},"end":{"line":260,"column":9}},"type":"if","locations":[{"start":{"line":155,"column":6},"end":{"line":260,"column":9}},{"start":{"line":155,"column":6},"end":{"line":260,"column":9}}],"line":155},"2":{"loc":{"start":{"line":199,"column":8},"end":{"line":260,"column":9}},"type":"if","locations":[{"start":{"line":199,"column":8},"end":{"line":260,"column":9}},{"start":{"line":199,"column":8},"end":{"line":260,"column":9}}],"line":199},"3":{"loc":{"start":{"line":219,"column":8},"end":{"line":260,"column":9}},"type":"if","locations":[{"start":{"line":219,"column":8},"end":{"line":260,"column":9}},{"start":{"line":219,"column":8},"end":{"line":260,"column":9}}],"line":219},"4":{"loc":{"start":{"line":241,"column":8},"end":{"line":260,"column":9}},"type":"if","locations":[{"start":{"line":241,"column":8},"end":{"line":260,"column":9}},{"start":{"line":241,"column":8},"end":{"line":260,"column":9}}],"line":241}},"s":{"0":3,"1":3,"2":3,"3":3,"4":3,"5":3,"6":3,"7":3,"8":3,"9":3,"10":3,"11":3,"12":3,"13":3,"14":3,"15":3,"16":3,"17":3,"18":3,"19":3,"20":3,"21":3,"22":3,"23":3,"24":3,"25":0,"26":0,"27":0,"28":0,"29":0,"30":0,"31":0,"32":0,"33":0,"34":0,"35":0,"36":0,"37":0,"38":0,"39":0,"40":0,"41":0,"42":0,"43":0,"44":0,"45":0,"46":0,"47":3,"48":0,"49":0,"50":0,"51":0,"52":0,"53":0,"54":0,"55":0,"56":0,"57":0,"58":0,"59":0,"60":0,"61":0,"62":0,"63":3,"64":3,"65":3},"f":{"0":3,"1":0,"2":0,"3":0,"4":0,"5":0,"6":0,"7":0,"8":0,"9":0,"10":0,"11":0,"12":0,"13":0,"14":0,"15":0,"16":0,"17":0,"18":0,"19":0,"20":0,"21":0,"22":0},"b":{"0":[0,0],"1":[0,0],"2":[0,0],"3":[0,0],"4":[0,0]},"_coverageSchema":"332fd63041d2c1bcb487cc26dd0d5f7d97098a6c","hash":"56731e6c8da7a7f9c3c6246eec4c722ace71a452"}
,"D:\\nsights_project\\nSights\\Mobile App\\nSights\\src\\Feedback\\components\\FeedbackMain.js": {"path":"D:\\nsights_project\\nSights\\Mobile App\\nSights\\src\\Feedback\\components\\FeedbackMain.js","statementMap":{"0":{"start":{"line":1,"column":42},"end":{"line":1,"column":97}},"1":{"start":{"line":1,"column":128},"end":{"line":1,"column":184}},"2":{"start":{"line":1,"column":185},"end":{"line":1,"column":247}},"3":{"start":{"line":1,"column":247},"end":{"line":1,"column":272}},"4":{"start":{"line":1,"column":295},"end":{"line":1,"column":367}},"5":{"start":{"line":1,"column":388},"end":{"line":1,"column":457}},"6":{"start":{"line":1,"column":492},"end":{"line":1,"column":575}},"7":{"start":{"line":1,"column":599},"end":{"line":1,"column":671}},"8":{"start":{"line":1,"column":689},"end":{"line":1,"column":755}},"9":{"start":{"line":2,"column":13},"end":{"line":2,"column":54}},"10":{"start":{"line":3,"column":18},"end":{"line":3,"column":40}},"11":{"start":{"line":4,"column":19},"end":{"line":4,"column":42}},"12":{"start":{"line":5,"column":18},"end":{"line":5,"column":90}},"13":{"start":{"line":6,"column":16},"end":{"line":6,"column":96}},"14":{"start":{"line":7,"column":27},"end":{"line":7,"column":60}},"15":{"start":{"line":7,"column":80},"end":{"line":7,"column":175}},"16":{"start":{"line":15,"column":13},"end":{"line":80,"column":22}},"17":{"start":{"line":86,"column":13},"end":{"line":109,"column":22}},"18":{"start":{"line":116,"column":15},"end":{"line":158,"column":49}},"19":{"start":{"line":116,"column":38},"end":{"line":116,"column":88}},"20":{"start":{"line":116,"column":113},"end":{"line":116,"column":163}},"21":{"start":{"line":116,"column":163},"end":{"line":116,"column":285}},"22":{"start":{"line":116,"column":286},"end":{"line":158,"column":10}},"23":{"start":{"line":118,"column":17},"end":{"line":118,"column":21}},"24":{"start":{"line":119,"column":6},"end":{"line":148,"column":165}},"25":{"start":{"line":140,"column":143},"end":{"line":140,"column":201}},"26":{"start":{"line":147,"column":143},"end":{"line":147,"column":198}},"27":{"start":{"line":158,"column":10},"end":{"line":158,"column":30}},"28":{"start":{"line":158,"column":50},"end":{"line":158,"column":81}},"29":{"start":{"line":162,"column":10},"end":{"line":196,"column":44}},"30":{"start":{"line":162,"column":34},"end":{"line":162,"column":80}},"31":{"start":{"line":162,"column":100},"end":{"line":162,"column":145}},"32":{"start":{"line":162,"column":145},"end":{"line":162,"column":262}},"33":{"start":{"line":162,"column":263},"end":{"line":196,"column":10}},"34":{"start":{"line":164,"column":18},"end":{"line":164,"column":22}},"35":{"start":{"line":166,"column":6},"end":{"line":188,"column":175}},"36":{"start":{"line":170,"column":39},"end":{"line":188,"column":168}},"37":{"start":{"line":172,"column":103},"end":{"line":172,"column":144}},"38":{"start":{"line":179,"column":103},"end":{"line":179,"column":144}},"39":{"start":{"line":196,"column":10},"end":{"line":196,"column":25}},"40":{"start":{"line":200,"column":12},"end":{"line":228,"column":46}},"41":{"start":{"line":200,"column":36},"end":{"line":200,"column":84}},"42":{"start":{"line":200,"column":106},"end":{"line":200,"column":153}},"43":{"start":{"line":200,"column":153},"end":{"line":200,"column":272}},"44":{"start":{"line":200,"column":273},"end":{"line":228,"column":10}},"45":{"start":{"line":203,"column":6},"end":{"line":220,"column":175}},"46":{"start":{"line":208,"column":39},"end":{"line":220,"column":168}},"47":{"start":{"line":228,"column":10},"end":{"line":228,"column":27}},"48":{"start":{"line":234,"column":13},"end":{"line":276,"column":23}}},"fnMap":{"0":{"name":"(anonymous_0)","decl":{"start":{"line":116,"column":15},"end":{"line":116,"column":16}},"loc":{"start":{"line":116,"column":37},"end":{"line":158,"column":31}},"line":116},"1":{"name":"FeedbackMain","decl":{"start":{"line":116,"column":97},"end":{"line":116,"column":109}},"loc":{"start":{"line":116,"column":112},"end":{"line":116,"column":286}},"line":116},"2":{"name":"render","decl":{"start":{"line":116,"column":361},"end":{"line":116,"column":367}},"loc":{"start":{"line":118,"column":4},"end":{"line":158,"column":5}},"line":118},"3":{"name":"onPress","decl":{"start":{"line":140,"column":132},"end":{"line":140,"column":139}},"loc":{"start":{"line":140,"column":142},"end":{"line":140,"column":202}},"line":140},"4":{"name":"onPress","decl":{"start":{"line":147,"column":132},"end":{"line":147,"column":139}},"loc":{"start":{"line":147,"column":142},"end":{"line":147,"column":199}},"line":147},"5":{"name":"(anonymous_5)","decl":{"start":{"line":162,"column":10},"end":{"line":162,"column":11}},"loc":{"start":{"line":162,"column":33},"end":{"line":196,"column":26}},"line":162},"6":{"name":"Pending","decl":{"start":{"line":162,"column":89},"end":{"line":162,"column":96}},"loc":{"start":{"line":162,"column":99},"end":{"line":162,"column":263}},"line":162},"7":{"name":"render","decl":{"start":{"line":162,"column":333},"end":{"line":162,"column":339}},"loc":{"start":{"line":164,"column":4},"end":{"line":196,"column":5}},"line":164},"8":{"name":"(anonymous_8)","decl":{"start":{"line":170,"column":19},"end":{"line":170,"column":20}},"loc":{"start":{"line":170,"column":38},"end":{"line":188,"column":169}},"line":170},"9":{"name":"onPress","decl":{"start":{"line":172,"column":92},"end":{"line":172,"column":99}},"loc":{"start":{"line":172,"column":102},"end":{"line":172,"column":145}},"line":172},"10":{"name":"onPress","decl":{"start":{"line":179,"column":92},"end":{"line":179,"column":99}},"loc":{"start":{"line":179,"column":102},"end":{"line":179,"column":145}},"line":179},"11":{"name":"(anonymous_11)","decl":{"start":{"line":200,"column":12},"end":{"line":200,"column":13}},"loc":{"start":{"line":200,"column":35},"end":{"line":228,"column":28}},"line":200},"12":{"name":"Requested","decl":{"start":{"line":200,"column":93},"end":{"line":200,"column":102}},"loc":{"start":{"line":200,"column":105},"end":{"line":200,"column":273}},"line":200},"13":{"name":"render","decl":{"start":{"line":200,"column":345},"end":{"line":200,"column":351}},"loc":{"start":{"line":202,"column":4},"end":{"line":228,"column":5}},"line":202},"14":{"name":"(anonymous_14)","decl":{"start":{"line":208,"column":19},"end":{"line":208,"column":20}},"loc":{"start":{"line":208,"column":38},"end":{"line":220,"column":169}},"line":208}},"branchMap":{},"s":{"0":3,"1":3,"2":3,"3":3,"4":3,"5":3,"6":3,"7":3,"8":3,"9":3,"10":3,"11":3,"12":3,"13":3,"14":3,"15":3,"16":3,"17":3,"18":3,"19":3,"20":0,"21":0,"22":3,"23":0,"24":0,"25":0,"26":0,"27":3,"28":3,"29":3,"30":3,"31":0,"32":0,"33":3,"34":0,"35":0,"36":0,"37":0,"38":0,"39":3,"40":3,"41":3,"42":0,"43":0,"44":3,"45":0,"46":0,"47":3,"48":3},"f":{"0":3,"1":0,"2":0,"3":0,"4":0,"5":3,"6":0,"7":0,"8":0,"9":0,"10":0,"11":3,"12":0,"13":0,"14":0},"b":{},"_coverageSchema":"332fd63041d2c1bcb487cc26dd0d5f7d97098a6c","hash":"26f2cabe1009c1d9c34ba8e003b4282bd47d3301"}
,"D:\\nsights_project\\nSights\\Mobile App\\nSights\\src\\Feedback\\components\\GiveFeedback.js": {"path":"D:\\nsights_project\\nSights\\Mobile App\\nSights\\src\\Feedback\\components\\GiveFeedback.js","statementMap":{"0":{"start":{"line":1,"column":42},"end":{"line":1,"column":97}},"1":{"start":{"line":1,"column":128},"end":{"line":1,"column":184}},"2":{"start":{"line":1,"column":185},"end":{"line":1,"column":247}},"3":{"start":{"line":1,"column":247},"end":{"line":1,"column":272}},"4":{"start":{"line":1,"column":295},"end":{"line":1,"column":367}},"5":{"start":{"line":1,"column":388},"end":{"line":1,"column":457}},"6":{"start":{"line":1,"column":492},"end":{"line":1,"column":575}},"7":{"start":{"line":1,"column":599},"end":{"line":1,"column":671}},"8":{"start":{"line":1,"column":689},"end":{"line":1,"column":755}},"9":{"start":{"line":2,"column":13},"end":{"line":2,"column":54}},"10":{"start":{"line":3,"column":18},"end":{"line":3,"column":40}},"11":{"start":{"line":4,"column":19},"end":{"line":4,"column":42}},"12":{"start":{"line":5,"column":27},"end":{"line":5,"column":60}},"13":{"start":{"line":6,"column":18},"end":{"line":6,"column":90}},"14":{"start":{"line":7,"column":16},"end":{"line":7,"column":96}},"15":{"start":{"line":8,"column":31},"end":{"line":8,"column":93}},"16":{"start":{"line":8,"column":113},"end":{"line":8,"column":208}},"17":{"start":{"line":15,"column":22},"end":{"line":15,"column":30}},"18":{"start":{"line":16,"column":13},"end":{"line":70,"column":22}},"19":{"start":{"line":76,"column":15},"end":{"line":169,"column":49}},"20":{"start":{"line":76,"column":38},"end":{"line":76,"column":88}},"21":{"start":{"line":78,"column":42},"end":{"line":78,"column":92}},"22":{"start":{"line":79,"column":4},"end":{"line":79,"column":122}},"23":{"start":{"line":80,"column":4},"end":{"line":82,"column":23}},"24":{"start":{"line":82,"column":23},"end":{"line":82,"column":36}},"25":{"start":{"line":85,"column":3},"end":{"line":169,"column":10}},"26":{"start":{"line":88,"column":6},"end":{"line":88,"column":42}},"27":{"start":{"line":92,"column":18},"end":{"line":92,"column":22}},"28":{"start":{"line":93,"column":27},"end":{"line":93,"column":124}},"29":{"start":{"line":95,"column":6},"end":{"line":157,"column":35}},"30":{"start":{"line":100,"column":107},"end":{"line":100,"column":147}},"31":{"start":{"line":137,"column":53},"end":{"line":137,"column":80}},"32":{"start":{"line":145,"column":47},"end":{"line":157,"column":27}},"33":{"start":{"line":169,"column":10},"end":{"line":169,"column":30}},"34":{"start":{"line":169,"column":50},"end":{"line":169,"column":81}},"35":{"start":{"line":174,"column":13},"end":{"line":191,"column":26}}},"fnMap":{"0":{"name":"(anonymous_0)","decl":{"start":{"line":76,"column":15},"end":{"line":76,"column":16}},"loc":{"start":{"line":76,"column":37},"end":{"line":169,"column":31}},"line":76},"1":{"name":"GiveFeedback","decl":{"start":{"line":78,"column":11},"end":{"line":78,"column":23}},"loc":{"start":{"line":78,"column":31},"end":{"line":85,"column":3}},"line":78},"2":{"name":"searchUpdated","decl":{"start":{"line":85,"column":85},"end":{"line":85,"column":98}},"loc":{"start":{"line":87,"column":10},"end":{"line":89,"column":5}},"line":87},"3":{"name":"render","decl":{"start":{"line":89,"column":42},"end":{"line":89,"column":48}},"loc":{"start":{"line":92,"column":4},"end":{"line":169,"column":5}},"line":92},"4":{"name":"onPress","decl":{"start":{"line":100,"column":96},"end":{"line":100,"column":103}},"loc":{"start":{"line":100,"column":106},"end":{"line":100,"column":148}},"line":100},"5":{"name":"onChangeText","decl":{"start":{"line":137,"column":33},"end":{"line":137,"column":45}},"loc":{"start":{"line":137,"column":52},"end":{"line":137,"column":81}},"line":137},"6":{"name":"(anonymous_6)","decl":{"start":{"line":145,"column":27},"end":{"line":145,"column":28}},"loc":{"start":{"line":145,"column":46},"end":{"line":157,"column":28}},"line":145}},"branchMap":{},"s":{"0":3,"1":3,"2":3,"3":3,"4":3,"5":3,"6":3,"7":3,"8":3,"9":3,"10":3,"11":3,"12":3,"13":3,"14":3,"15":3,"16":3,"17":3,"18":3,"19":3,"20":3,"21":0,"22":0,"23":0,"24":0,"25":3,"26":0,"27":0,"28":0,"29":0,"30":0,"31":0,"32":0,"33":3,"34":3,"35":3},"f":{"0":3,"1":0,"2":0,"3":0,"4":0,"5":0,"6":0},"b":{},"_coverageSchema":"332fd63041d2c1bcb487cc26dd0d5f7d97098a6c","hash":"845c6eb8d27357adfe132340f8aa64a3acb4343f"}
,"D:\\nsights_project\\nSights\\Mobile App\\nSights\\src\\Feedback\\components\\RequestFeedback.js": {"path":"D:\\nsights_project\\nSights\\Mobile App\\nSights\\src\\Feedback\\components\\RequestFeedback.js","statementMap":{"0":{"start":{"line":1,"column":42},"end":{"line":1,"column":97}},"1":{"start":{"line":1,"column":128},"end":{"line":1,"column":184}},"2":{"start":{"line":1,"column":185},"end":{"line":1,"column":247}},"3":{"start":{"line":1,"column":247},"end":{"line":1,"column":272}},"4":{"start":{"line":1,"column":295},"end":{"line":1,"column":367}},"5":{"start":{"line":1,"column":388},"end":{"line":1,"column":457}},"6":{"start":{"line":1,"column":492},"end":{"line":1,"column":575}},"7":{"start":{"line":1,"column":599},"end":{"line":1,"column":671}},"8":{"start":{"line":1,"column":689},"end":{"line":1,"column":755}},"9":{"start":{"line":2,"column":13},"end":{"line":2,"column":54}},"10":{"start":{"line":3,"column":18},"end":{"line":3,"column":40}},"11":{"start":{"line":4,"column":19},"end":{"line":4,"column":42}},"12":{"start":{"line":5,"column":27},"end":{"line":5,"column":60}},"13":{"start":{"line":6,"column":18},"end":{"line":6,"column":90}},"14":{"start":{"line":7,"column":16},"end":{"line":7,"column":96}},"15":{"start":{"line":8,"column":31},"end":{"line":8,"column":93}},"16":{"start":{"line":8,"column":113},"end":{"line":8,"column":211}},"17":{"start":{"line":16,"column":22},"end":{"line":16,"column":30}},"18":{"start":{"line":17,"column":13},"end":{"line":82,"column":13}},"19":{"start":{"line":88,"column":18},"end":{"line":196,"column":52}},"20":{"start":{"line":88,"column":41},"end":{"line":88,"column":94}},"21":{"start":{"line":90,"column":45},"end":{"line":90,"column":98}},"22":{"start":{"line":91,"column":4},"end":{"line":91,"column":125}},"23":{"start":{"line":92,"column":4},"end":{"line":95,"column":29}},"24":{"start":{"line":95,"column":29},"end":{"line":95,"column":42}},"25":{"start":{"line":98,"column":3},"end":{"line":196,"column":10}},"26":{"start":{"line":101,"column":6},"end":{"line":101,"column":42}},"27":{"start":{"line":105,"column":16},"end":{"line":105,"column":43}},"28":{"start":{"line":107,"column":6},"end":{"line":111,"column":7}},"29":{"start":{"line":108,"column":8},"end":{"line":108,"column":39}},"30":{"start":{"line":110,"column":8},"end":{"line":110,"column":21}},"31":{"start":{"line":113,"column":6},"end":{"line":114,"column":33}},"32":{"start":{"line":120,"column":18},"end":{"line":120,"column":22}},"33":{"start":{"line":121,"column":27},"end":{"line":121,"column":124}},"34":{"start":{"line":123,"column":6},"end":{"line":185,"column":153}},"35":{"start":{"line":128,"column":107},"end":{"line":128,"column":147}},"36":{"start":{"line":151,"column":53},"end":{"line":151,"column":80}},"37":{"start":{"line":159,"column":47},"end":{"line":185,"column":145}},"38":{"start":{"line":185,"column":43},"end":{"line":185,"column":82}},"39":{"start":{"line":196,"column":10},"end":{"line":196,"column":33}},"40":{"start":{"line":196,"column":53},"end":{"line":196,"column":87}},"41":{"start":{"line":201,"column":13},"end":{"line":218,"column":26}}},"fnMap":{"0":{"name":"(anonymous_0)","decl":{"start":{"line":88,"column":18},"end":{"line":88,"column":19}},"loc":{"start":{"line":88,"column":40},"end":{"line":196,"column":34}},"line":88},"1":{"name":"RequestFeedback","decl":{"start":{"line":90,"column":11},"end":{"line":90,"column":26}},"loc":{"start":{"line":90,"column":34},"end":{"line":98,"column":3}},"line":90},"2":{"name":"searchUpdated","decl":{"start":{"line":98,"column":88},"end":{"line":98,"column":101}},"loc":{"start":{"line":100,"column":10},"end":{"line":102,"column":5}},"line":100},"3":{"name":"onCheckBoxPress","decl":{"start":{"line":102,"column":51},"end":{"line":102,"column":66}},"loc":{"start":{"line":104,"column":8},"end":{"line":117,"column":5}},"line":104},"4":{"name":"render","decl":{"start":{"line":117,"column":42},"end":{"line":117,"column":48}},"loc":{"start":{"line":120,"column":4},"end":{"line":196,"column":5}},"line":120},"5":{"name":"onPress","decl":{"start":{"line":128,"column":96},"end":{"line":128,"column":103}},"loc":{"start":{"line":128,"column":106},"end":{"line":128,"column":148}},"line":128},"6":{"name":"onChangeText","decl":{"start":{"line":151,"column":33},"end":{"line":151,"column":45}},"loc":{"start":{"line":151,"column":52},"end":{"line":151,"column":81}},"line":151},"7":{"name":"(anonymous_7)","decl":{"start":{"line":159,"column":27},"end":{"line":159,"column":28}},"loc":{"start":{"line":159,"column":46},"end":{"line":185,"column":146}},"line":159},"8":{"name":"onPress","decl":{"start":{"line":185,"column":32},"end":{"line":185,"column":39}},"loc":{"start":{"line":185,"column":42},"end":{"line":185,"column":83}},"line":185}},"branchMap":{"0":{"loc":{"start":{"line":107,"column":6},"end":{"line":111,"column":7}},"type":"if","locations":[{"start":{"line":107,"column":6},"end":{"line":111,"column":7}},{"start":{"line":107,"column":6},"end":{"line":111,"column":7}}],"line":107},"1":{"loc":{"start":{"line":184,"column":23},"end":{"line":184,"column":85}},"type":"cond-expr","locations":[{"start":{"line":184,"column":73},"end":{"line":184,"column":77}},{"start":{"line":184,"column":80},"end":{"line":184,"column":85}}],"line":184}},"s":{"0":3,"1":3,"2":3,"3":3,"4":3,"5":3,"6":3,"7":3,"8":3,"9":3,"10":3,"11":3,"12":3,"13":3,"14":3,"15":3,"16":3,"17":3,"18":3,"19":3,"20":3,"21":0,"22":0,"23":0,"24":0,"25":3,"26":0,"27":0,"28":0,"29":0,"30":0,"31":0,"32":0,"33":0,"34":0,"35":0,"36":0,"37":0,"38":0,"39":3,"40":3,"41":3},"f":{"0":3,"1":0,"2":0,"3":0,"4":0,"5":0,"6":0,"7":0,"8":0},"b":{"0":[0,0],"1":[0,0]},"_coverageSchema":"332fd63041d2c1bcb487cc26dd0d5f7d97098a6c","hash":"a7c0119a713391bd4b0613c6402494b3622ad2f5"}
,"D:\\nsights_project\\nSights\\Mobile App\\nSights\\src\\Home\\components\\Home.js": {"path":"D:\\nsights_project\\nSights\\Mobile App\\nSights\\src\\Home\\components\\Home.js","statementMap":{"0":{"start":{"line":1,"column":42},"end":{"line":1,"column":97}},"1":{"start":{"line":1,"column":128},"end":{"line":1,"column":184}},"2":{"start":{"line":1,"column":185},"end":{"line":1,"column":247}},"3":{"start":{"line":1,"column":247},"end":{"line":1,"column":272}},"4":{"start":{"line":1,"column":295},"end":{"line":1,"column":367}},"5":{"start":{"line":1,"column":388},"end":{"line":1,"column":457}},"6":{"start":{"line":1,"column":492},"end":{"line":1,"column":575}},"7":{"start":{"line":1,"column":599},"end":{"line":1,"column":671}},"8":{"start":{"line":1,"column":689},"end":{"line":1,"column":755}},"9":{"start":{"line":4,"column":13},"end":{"line":4,"column":54}},"10":{"start":{"line":5,"column":18},"end":{"line":5,"column":40}},"11":{"start":{"line":6,"column":19},"end":{"line":6,"column":42}},"12":{"start":{"line":7,"column":18},"end":{"line":7,"column":90}},"13":{"start":{"line":8,"column":16},"end":{"line":8,"column":96}},"14":{"start":{"line":10,"column":23},"end":{"line":10,"column":50}},"15":{"start":{"line":11,"column":13},"end":{"line":11,"column":83}},"16":{"start":{"line":12,"column":18},"end":{"line":12,"column":99}},"17":{"start":{"line":13,"column":17},"end":{"line":13,"column":93}},"18":{"start":{"line":14,"column":21},"end":{"line":14,"column":98}},"19":{"start":{"line":15,"column":18},"end":{"line":15,"column":92}},"20":{"start":{"line":16,"column":30},"end":{"line":16,"column":123}},"21":{"start":{"line":17,"column":17},"end":{"line":17,"column":97}},"22":{"start":{"line":18,"column":20},"end":{"line":18,"column":103}},"23":{"start":{"line":19,"column":19},"end":{"line":19,"column":101}},"24":{"start":{"line":20,"column":20},"end":{"line":20,"column":105}},"25":{"start":{"line":21,"column":16},"end":{"line":21,"column":92}},"26":{"start":{"line":22,"column":20},"end":{"line":22,"column":100}},"27":{"start":{"line":23,"column":23},"end":{"line":23,"column":106}},"28":{"start":{"line":24,"column":20},"end":{"line":24,"column":100}},"29":{"start":{"line":27,"column":14},"end":{"line":27,"column":86}},"30":{"start":{"line":28,"column":35},"end":{"line":28,"column":76}},"31":{"start":{"line":29,"column":15},"end":{"line":29,"column":89}},"32":{"start":{"line":30,"column":20},"end":{"line":30,"column":99}},"33":{"start":{"line":31,"column":23},"end":{"line":31,"column":105}},"34":{"start":{"line":32,"column":30},"end":{"line":32,"column":66}},"35":{"start":{"line":33,"column":17},"end":{"line":33,"column":75}},"36":{"start":{"line":33,"column":95},"end":{"line":33,"column":178}},"37":{"start":{"line":34,"column":16},"end":{"line":34,"column":115}},"38":{"start":{"line":38,"column":12},"end":{"line":127,"column":62}},"39":{"start":{"line":130,"column":17},"end":{"line":130,"column":65}},"40":{"start":{"line":131,"column":18},"end":{"line":131,"column":61}},"41":{"start":{"line":132,"column":19},"end":{"line":132,"column":63}},"42":{"start":{"line":133,"column":7},"end":{"line":379,"column":41}},"43":{"start":{"line":133,"column":30},"end":{"line":133,"column":72}},"44":{"start":{"line":134,"column":34},"end":{"line":134,"column":76}},"45":{"start":{"line":135,"column":4},"end":{"line":135,"column":114}},"46":{"start":{"line":135,"column":114},"end":{"line":168,"column":6}},"47":{"start":{"line":159,"column":6},"end":{"line":159,"column":29}},"48":{"start":{"line":160,"column":6},"end":{"line":160,"column":30}},"49":{"start":{"line":161,"column":6},"end":{"line":162,"column":44}},"50":{"start":{"line":164,"column":6},"end":{"line":167,"column":7}},"51":{"start":{"line":165,"column":8},"end":{"line":165,"column":32}},"52":{"start":{"line":166,"column":8},"end":{"line":166,"column":34}},"53":{"start":{"line":168,"column":6},"end":{"line":176,"column":6}},"54":{"start":{"line":170,"column":6},"end":{"line":171,"column":42}},"55":{"start":{"line":173,"column":6},"end":{"line":175,"column":7}},"56":{"start":{"line":174,"column":8},"end":{"line":174,"column":35}},"57":{"start":{"line":176,"column":6},"end":{"line":212,"column":6}},"58":{"start":{"line":185,"column":6},"end":{"line":211,"column":7}},"59":{"start":{"line":186,"column":8},"end":{"line":204,"column":103}},"60":{"start":{"line":193,"column":41},"end":{"line":193,"column":69}},"61":{"start":{"line":210,"column":8},"end":{"line":210,"column":20}},"62":{"start":{"line":212,"column":6},"end":{"line":212,"column":131}},"63":{"start":{"line":212,"column":131},"end":{"line":212,"column":144}},"64":{"start":{"line":212,"column":145},"end":{"line":379,"column":10}},"65":{"start":{"line":212,"column":263},"end":{"line":212,"column":267}},"66":{"start":{"line":212,"column":268},"end":{"line":212,"column":561}},"67":{"start":{"line":212,"column":381},"end":{"line":212,"column":425}},"68":{"start":{"line":212,"column":490},"end":{"line":212,"column":532}},"69":{"start":{"line":212,"column":621},"end":{"line":212,"column":671}},"70":{"start":{"line":215,"column":6},"end":{"line":215,"column":47}},"71":{"start":{"line":218,"column":6},"end":{"line":218,"column":34}},"72":{"start":{"line":219,"column":6},"end":{"line":219,"column":52}},"73":{"start":{"line":222,"column":18},"end":{"line":222,"column":22}},"74":{"start":{"line":223,"column":18},"end":{"line":223,"column":38}},"75":{"start":{"line":224,"column":16},"end":{"line":224,"column":34}},"76":{"start":{"line":225,"column":6},"end":{"line":370,"column":181}},"77":{"start":{"line":231,"column":107},"end":{"line":231,"column":158}},"78":{"start":{"line":246,"column":107},"end":{"line":246,"column":164}},"79":{"start":{"line":257,"column":290},"end":{"line":257,"column":315}},"80":{"start":{"line":266,"column":38},"end":{"line":327,"column":105}},"81":{"start":{"line":295,"column":271},"end":{"line":295,"column":296}},"82":{"start":{"line":297,"column":103},"end":{"line":297,"column":149}},"83":{"start":{"line":336,"column":53},"end":{"line":336,"column":91}},"84":{"start":{"line":345,"column":12},"end":{"line":345,"column":59}},"85":{"start":{"line":356,"column":53},"end":{"line":356,"column":91}},"86":{"start":{"line":362,"column":143},"end":{"line":362,"column":190}},"87":{"start":{"line":362,"column":190},"end":{"line":362,"column":247}},"88":{"start":{"line":368,"column":12},"end":{"line":368,"column":69}},"89":{"start":{"line":379,"column":10},"end":{"line":379,"column":22}},"90":{"start":{"line":381,"column":13},"end":{"line":444,"column":23}},"91":{"start":{"line":447,"column":16},"end":{"line":492,"column":41}},"92":{"start":{"line":525,"column":22},"end":{"line":549,"column":37}},"93":{"start":{"line":556,"column":20},"end":{"line":588,"column":38}},"94":{"start":{"line":593,"column":24},"end":{"line":603,"column":38}},"95":{"start":{"line":608,"column":0},"end":{"line":627,"column":38}},"96":{"start":{"line":620,"column":86},"end":{"line":620,"column":101}},"97":{"start":{"line":620,"column":102},"end":{"line":622,"column":61}},"98":{"start":{"line":621,"column":60},"end":{"line":621,"column":73}},"99":{"start":{"line":621,"column":86},"end":{"line":621,"column":101}},"100":{"start":{"line":621,"column":102},"end":{"line":622,"column":57}},"101":{"start":{"line":627,"column":39},"end":{"line":627,"column":66}},"102":{"start":{"line":633,"column":20},"end":{"line":660,"column":1}},"103":{"start":{"line":634,"column":14},"end":{"line":634,"column":40}},"104":{"start":{"line":638,"column":2},"end":{"line":638,"column":52}},"105":{"start":{"line":640,"column":2},"end":{"line":657,"column":3}},"106":{"start":{"line":641,"column":4},"end":{"line":641,"column":42}},"107":{"start":{"line":643,"column":9},"end":{"line":657,"column":3}},"108":{"start":{"line":644,"column":4},"end":{"line":644,"column":49}},"109":{"start":{"line":647,"column":2},"end":{"line":657,"column":3}},"110":{"start":{"line":648,"column":4},"end":{"line":648,"column":45}},"111":{"start":{"line":651,"column":2},"end":{"line":657,"column":3}},"112":{"start":{"line":652,"column":4},"end":{"line":652,"column":49}},"113":{"start":{"line":655,"column":4},"end":{"line":655,"column":162}},"114":{"start":{"line":659,"column":2},"end":{"line":659,"column":152}}},"fnMap":{"0":{"name":"(anonymous_0)","decl":{"start":{"line":133,"column":7},"end":{"line":133,"column":8}},"loc":{"start":{"line":133,"column":29},"end":{"line":379,"column":23}},"line":133},"1":{"name":"Home","decl":{"start":{"line":134,"column":11},"end":{"line":134,"column":15}},"loc":{"start":{"line":134,"column":23},"end":{"line":212,"column":145}},"line":134},"2":{"name":"(anonymous_2)","decl":{"start":{"line":158,"column":17},"end":{"line":158,"column":18}},"loc":{"start":{"line":158,"column":34},"end":{"line":168,"column":5}},"line":158},"3":{"name":"(anonymous_3)","decl":{"start":{"line":169,"column":18},"end":{"line":169,"column":19}},"loc":{"start":{"line":169,"column":35},"end":{"line":176,"column":5}},"line":169},"4":{"name":"(anonymous_4)","decl":{"start":{"line":183,"column":19},"end":{"line":183,"column":20}},"loc":{"start":{"line":183,"column":34},"end":{"line":212,"column":5}},"line":183},"5":{"name":"onPress","decl":{"start":{"line":193,"column":30},"end":{"line":193,"column":37}},"loc":{"start":{"line":193,"column":40},"end":{"line":193,"column":70}},"line":193},"6":{"name":"componentWillUnmount","decl":{"start":{"line":212,"column":226},"end":{"line":212,"column":246}},"loc":{"start":{"line":212,"column":249},"end":{"line":212,"column":562}},"line":212},"7":{"name":"onPress","decl":{"start":{"line":212,"column":370},"end":{"line":212,"column":377}},"loc":{"start":{"line":212,"column":380},"end":{"line":212,"column":426}},"line":212},"8":{"name":"onPress","decl":{"start":{"line":212,"column":479},"end":{"line":212,"column":486}},"loc":{"start":{"line":212,"column":489},"end":{"line":212,"column":533}},"line":212},"9":{"name":"toggleSwitch","decl":{"start":{"line":212,"column":605},"end":{"line":212,"column":617}},"loc":{"start":{"line":212,"column":620},"end":{"line":212,"column":672}},"line":212},"10":{"name":"toggleModal","decl":{"start":{"line":212,"column":714},"end":{"line":212,"column":725}},"loc":{"start":{"line":214,"column":13},"end":{"line":216,"column":5}},"line":214},"11":{"name":"toggleBlockModal","decl":{"start":{"line":216,"column":52},"end":{"line":216,"column":68}},"loc":{"start":{"line":217,"column":17},"end":{"line":221,"column":5}},"line":217},"12":{"name":"render","decl":{"start":{"line":221,"column":42},"end":{"line":221,"column":48}},"loc":{"start":{"line":222,"column":4},"end":{"line":379,"column":5}},"line":222},"13":{"name":"onPress","decl":{"start":{"line":231,"column":96},"end":{"line":231,"column":103}},"loc":{"start":{"line":231,"column":106},"end":{"line":231,"column":159}},"line":231},"14":{"name":"onPress","decl":{"start":{"line":246,"column":96},"end":{"line":246,"column":103}},"loc":{"start":{"line":246,"column":106},"end":{"line":246,"column":165}},"line":246},"15":{"name":"ref","decl":{"start":{"line":257,"column":278},"end":{"line":257,"column":281}},"loc":{"start":{"line":257,"column":289},"end":{"line":257,"column":316}},"line":257},"16":{"name":"(anonymous_16)","decl":{"start":{"line":266,"column":18},"end":{"line":266,"column":19}},"loc":{"start":{"line":266,"column":37},"end":{"line":327,"column":106}},"line":266},"17":{"name":"onPress","decl":{"start":{"line":295,"column":260},"end":{"line":295,"column":267}},"loc":{"start":{"line":295,"column":270},"end":{"line":295,"column":297}},"line":295},"18":{"name":"onPress","decl":{"start":{"line":297,"column":92},"end":{"line":297,"column":99}},"loc":{"start":{"line":297,"column":102},"end":{"line":297,"column":150}},"line":297},"19":{"name":"onRequestClose","decl":{"start":{"line":336,"column":35},"end":{"line":336,"column":49}},"loc":{"start":{"line":336,"column":52},"end":{"line":336,"column":92}},"line":336},"20":{"name":"onPress","decl":{"start":{"line":344,"column":132},"end":{"line":344,"column":139}},"loc":{"start":{"line":344,"column":142},"end":{"line":346,"column":11}},"line":344},"21":{"name":"onRequestClose","decl":{"start":{"line":356,"column":35},"end":{"line":356,"column":49}},"loc":{"start":{"line":356,"column":52},"end":{"line":356,"column":92}},"line":356},"22":{"name":"onPress","decl":{"start":{"line":362,"column":132},"end":{"line":362,"column":139}},"loc":{"start":{"line":362,"column":142},"end":{"line":362,"column":248}},"line":362},"23":{"name":"onPress","decl":{"start":{"line":367,"column":132},"end":{"line":367,"column":139}},"loc":{"start":{"line":367,"column":142},"end":{"line":369,"column":11}},"line":367},"24":{"name":"defaultNavigationOptions","decl":{"start":{"line":620,"column":37},"end":{"line":620,"column":61}},"loc":{"start":{"line":620,"column":68},"end":{"line":622,"column":62}},"line":620},"25":{"name":"tabBarIcon","decl":{"start":{"line":621,"column":27},"end":{"line":621,"column":37}},"loc":{"start":{"line":621,"column":45},"end":{"line":622,"column":58}},"line":621},"26":{"name":"getTabBarIcon","decl":{"start":{"line":633,"column":29},"end":{"line":633,"column":42}},"loc":{"start":{"line":633,"column":75},"end":{"line":660,"column":1}},"line":633}},"branchMap":{"0":{"loc":{"start":{"line":164,"column":6},"end":{"line":167,"column":7}},"type":"if","locations":[{"start":{"line":164,"column":6},"end":{"line":167,"column":7}},{"start":{"line":164,"column":6},"end":{"line":167,"column":7}}],"line":164},"1":{"loc":{"start":{"line":173,"column":6},"end":{"line":175,"column":7}},"type":"if","locations":[{"start":{"line":173,"column":6},"end":{"line":175,"column":7}},{"start":{"line":173,"column":6},"end":{"line":175,"column":7}}],"line":173},"2":{"loc":{"start":{"line":185,"column":6},"end":{"line":211,"column":7}},"type":"if","locations":[{"start":{"line":185,"column":6},"end":{"line":211,"column":7}},{"start":{"line":185,"column":6},"end":{"line":211,"column":7}}],"line":185},"3":{"loc":{"start":{"line":254,"column":51},"end":{"line":254,"column":84}},"type":"cond-expr","locations":[{"start":{"line":254,"column":63},"end":{"line":254,"column":72}},{"start":{"line":254,"column":75},"end":{"line":254,"column":84}}],"line":254},"4":{"loc":{"start":{"line":258,"column":51},"end":{"line":258,"column":84}},"type":"cond-expr","locations":[{"start":{"line":258,"column":63},"end":{"line":258,"column":72}},{"start":{"line":258,"column":75},"end":{"line":258,"column":84}}],"line":258},"5":{"loc":{"start":{"line":271,"column":12},"end":{"line":280,"column":191}},"type":"cond-expr","locations":[{"start":{"line":272,"column":12},"end":{"line":276,"column":191}},{"start":{"line":279,"column":12},"end":{"line":280,"column":191}}],"line":271},"6":{"loc":{"start":{"line":288,"column":12},"end":{"line":289,"column":193}},"type":"binary-expr","locations":[{"start":{"line":288,"column":12},"end":{"line":288,"column":31}},{"start":{"line":288,"column":35},"end":{"line":289,"column":193}}],"line":288},"7":{"loc":{"start":{"line":295,"column":12},"end":{"line":298,"column":220}},"type":"cond-expr","locations":[{"start":{"line":295,"column":34},"end":{"line":296,"column":220}},{"start":{"line":297,"column":12},"end":{"line":298,"column":220}}],"line":295},"8":{"loc":{"start":{"line":305,"column":12},"end":{"line":305,"column":227}},"type":"binary-expr","locations":[{"start":{"line":305,"column":12},"end":{"line":305,"column":31}},{"start":{"line":305,"column":35},"end":{"line":305,"column":227}}],"line":305},"9":{"loc":{"start":{"line":638,"column":21},"end":{"line":638,"column":50}},"type":"cond-expr","locations":[{"start":{"line":638,"column":31},"end":{"line":638,"column":39}},{"start":{"line":638,"column":42},"end":{"line":638,"column":50}}],"line":638},"10":{"loc":{"start":{"line":640,"column":2},"end":{"line":657,"column":3}},"type":"if","locations":[{"start":{"line":640,"column":2},"end":{"line":657,"column":3}},{"start":{"line":640,"column":2},"end":{"line":657,"column":3}}],"line":640},"11":{"loc":{"start":{"line":641,"column":23},"end":{"line":641,"column":40}},"type":"cond-expr","locations":[{"start":{"line":641,"column":33},"end":{"line":641,"column":35}},{"start":{"line":641,"column":38},"end":{"line":641,"column":40}}],"line":641},"12":{"loc":{"start":{"line":643,"column":9},"end":{"line":657,"column":3}},"type":"if","locations":[{"start":{"line":643,"column":9},"end":{"line":657,"column":3}},{"start":{"line":643,"column":9},"end":{"line":657,"column":3}}],"line":643},"13":{"loc":{"start":{"line":644,"column":30},"end":{"line":644,"column":47}},"type":"cond-expr","locations":[{"start":{"line":644,"column":40},"end":{"line":644,"column":42}},{"start":{"line":644,"column":45},"end":{"line":644,"column":47}}],"line":644},"14":{"loc":{"start":{"line":647,"column":2},"end":{"line":657,"column":3}},"type":"if","locations":[{"start":{"line":647,"column":2},"end":{"line":657,"column":3}},{"start":{"line":647,"column":2},"end":{"line":657,"column":3}}],"line":647},"15":{"loc":{"start":{"line":648,"column":26},"end":{"line":648,"column":43}},"type":"cond-expr","locations":[{"start":{"line":648,"column":36},"end":{"line":648,"column":38}},{"start":{"line":648,"column":41},"end":{"line":648,"column":43}}],"line":648},"16":{"loc":{"start":{"line":651,"column":2},"end":{"line":657,"column":3}},"type":"if","locations":[{"start":{"line":651,"column":2},"end":{"line":657,"column":3}},{"start":{"line":651,"column":2},"end":{"line":657,"column":3}}],"line":651},"17":{"loc":{"start":{"line":652,"column":30},"end":{"line":652,"column":47}},"type":"cond-expr","locations":[{"start":{"line":652,"column":40},"end":{"line":652,"column":42}},{"start":{"line":652,"column":45},"end":{"line":652,"column":47}}],"line":652}},"s":{"0":3,"1":3,"2":3,"3":3,"4":3,"5":3,"6":3,"7":3,"8":3,"9":3,"10":3,"11":3,"12":3,"13":3,"14":3,"15":3,"16":3,"17":3,"18":3,"19":3,"20":3,"21":3,"22":3,"23":3,"24":3,"25":3,"26":3,"27":3,"28":3,"29":3,"30":3,"31":3,"32":3,"33":3,"34":3,"35":3,"36":3,"37":3,"38":3,"39":3,"40":3,"41":3,"42":3,"43":3,"44":0,"45":0,"46":0,"47":0,"48":0,"49":0,"50":0,"51":0,"52":0,"53":0,"54":0,"55":0,"56":0,"57":0,"58":0,"59":0,"60":0,"61":0,"62":0,"63":0,"64":3,"65":0,"66":0,"67":0,"68":0,"69":0,"70":0,"71":0,"72":0,"73":0,"74":0,"75":0,"76":0,"77":0,"78":0,"79":0,"80":0,"81":0,"82":0,"83":0,"84":0,"85":0,"86":0,"87":0,"88":0,"89":3,"90":3,"91":3,"92":3,"93":3,"94":3,"95":3,"96":0,"97":0,"98":0,"99":0,"100":0,"101":3,"102":3,"103":0,"104":0,"105":0,"106":0,"107":0,"108":0,"109":0,"110":0,"111":0,"112":0,"113":0,"114":0},"f":{"0":3,"1":0,"2":0,"3":0,"4":0,"5":0,"6":0,"7":0,"8":0,"9":0,"10":0,"11":0,"12":0,"13":0,"14":0,"15":0,"16":0,"17":0,"18":0,"19":0,"20":0,"21":0,"22":0,"23":0,"24":0,"25":0,"26":0},"b":{"0":[0,0],"1":[0,0],"2":[0,0],"3":[0,0],"4":[0,0],"5":[0,0],"6":[0,0],"7":[0,0],"8":[0,0],"9":[0,0],"10":[0,0],"11":[0,0],"12":[0,0],"13":[0,0],"14":[0,0],"15":[0,0],"16":[0,0],"17":[0,0]},"_coverageSchema":"332fd63041d2c1bcb487cc26dd0d5f7d97098a6c","hash":"669429b47fc733aa162f4e0e37d706b61e02f659"}
,"D:\\nsights_project\\nSights\\Mobile App\\nSights\\src\\Home\\components\\Notifications.js": {"path":"D:\\nsights_project\\nSights\\Mobile App\\nSights\\src\\Home\\components\\Notifications.js","statementMap":{"0":{"start":{"line":1,"column":42},"end":{"line":1,"column":97}},"1":{"start":{"line":1,"column":128},"end":{"line":1,"column":184}},"2":{"start":{"line":1,"column":185},"end":{"line":1,"column":247}},"3":{"start":{"line":1,"column":247},"end":{"line":1,"column":272}},"4":{"start":{"line":1,"column":295},"end":{"line":1,"column":367}},"5":{"start":{"line":1,"column":388},"end":{"line":1,"column":457}},"6":{"start":{"line":1,"column":492},"end":{"line":1,"column":575}},"7":{"start":{"line":1,"column":599},"end":{"line":1,"column":671}},"8":{"start":{"line":1,"column":689},"end":{"line":1,"column":755}},"9":{"start":{"line":2,"column":13},"end":{"line":2,"column":54}},"10":{"start":{"line":3,"column":18},"end":{"line":3,"column":40}},"11":{"start":{"line":4,"column":19},"end":{"line":4,"column":42}},"12":{"start":{"line":5,"column":18},"end":{"line":5,"column":90}},"13":{"start":{"line":6,"column":16},"end":{"line":6,"column":96}},"14":{"start":{"line":7,"column":27},"end":{"line":7,"column":60}},"15":{"start":{"line":8,"column":30},"end":{"line":8,"column":66}},"16":{"start":{"line":9,"column":17},"end":{"line":9,"column":75}},"17":{"start":{"line":10,"column":14},"end":{"line":10,"column":81}},"18":{"start":{"line":10,"column":101},"end":{"line":10,"column":193}},"19":{"start":{"line":12,"column":16},"end":{"line":12,"column":115}},"20":{"start":{"line":15,"column":23},"end":{"line":77,"column":16}},"21":{"start":{"line":79,"column":16},"end":{"line":79,"column":72}},"22":{"start":{"line":81,"column":16},"end":{"line":131,"column":50}},"23":{"start":{"line":81,"column":39},"end":{"line":81,"column":90}},"24":{"start":{"line":83,"column":33},"end":{"line":83,"column":84}},"25":{"start":{"line":83,"column":84},"end":{"line":84,"column":12}},"26":{"start":{"line":85,"column":3},"end":{"line":131,"column":10}},"27":{"start":{"line":88,"column":17},"end":{"line":88,"column":21}},"28":{"start":{"line":89,"column":6},"end":{"line":119,"column":34}},"29":{"start":{"line":95,"column":107},"end":{"line":95,"column":146}},"30":{"start":{"line":111,"column":49},"end":{"line":119,"column":26}},"31":{"start":{"line":131,"column":10},"end":{"line":131,"column":31}},"32":{"start":{"line":131,"column":51},"end":{"line":131,"column":83}},"33":{"start":{"line":133,"column":13},"end":{"line":147,"column":33}}},"fnMap":{"0":{"name":"(anonymous_0)","decl":{"start":{"line":81,"column":16},"end":{"line":81,"column":17}},"loc":{"start":{"line":81,"column":38},"end":{"line":131,"column":32}},"line":81},"1":{"name":"Notifications","decl":{"start":{"line":83,"column":11},"end":{"line":83,"column":24}},"loc":{"start":{"line":83,"column":32},"end":{"line":85,"column":3}},"line":83},"2":{"name":"render","decl":{"start":{"line":85,"column":79},"end":{"line":85,"column":85}},"loc":{"start":{"line":88,"column":4},"end":{"line":131,"column":5}},"line":88},"3":{"name":"onPress","decl":{"start":{"line":95,"column":96},"end":{"line":95,"column":103}},"loc":{"start":{"line":95,"column":106},"end":{"line":95,"column":147}},"line":95},"4":{"name":"(anonymous_4)","decl":{"start":{"line":111,"column":29},"end":{"line":111,"column":30}},"loc":{"start":{"line":111,"column":48},"end":{"line":119,"column":27}},"line":111}},"branchMap":{},"s":{"0":3,"1":3,"2":3,"3":3,"4":3,"5":3,"6":3,"7":3,"8":3,"9":3,"10":3,"11":3,"12":3,"13":3,"14":3,"15":3,"16":3,"17":3,"18":3,"19":3,"20":3,"21":3,"22":3,"23":3,"24":0,"25":0,"26":3,"27":0,"28":0,"29":0,"30":0,"31":3,"32":3,"33":3},"f":{"0":3,"1":0,"2":0,"3":0,"4":0},"b":{},"_coverageSchema":"332fd63041d2c1bcb487cc26dd0d5f7d97098a6c","hash":"2c9a5c2613a736ded365778b83767cde201a4e74"}
,"D:\\nsights_project\\nSights\\Mobile App\\nSights\\src\\Home\\components\\PositiveQuotes.js": {"path":"D:\\nsights_project\\nSights\\Mobile App\\nSights\\src\\Home\\components\\PositiveQuotes.js","statementMap":{"0":{"start":{"line":1,"column":42},"end":{"line":1,"column":97}},"1":{"start":{"line":1,"column":128},"end":{"line":1,"column":184}},"2":{"start":{"line":1,"column":185},"end":{"line":1,"column":247}},"3":{"start":{"line":1,"column":247},"end":{"line":1,"column":272}},"4":{"start":{"line":1,"column":295},"end":{"line":1,"column":367}},"5":{"start":{"line":1,"column":388},"end":{"line":1,"column":457}},"6":{"start":{"line":1,"column":492},"end":{"line":1,"column":575}},"7":{"start":{"line":1,"column":599},"end":{"line":1,"column":671}},"8":{"start":{"line":1,"column":689},"end":{"line":1,"column":755}},"9":{"start":{"line":1,"column":769},"end":{"line":1,"column":810}},"10":{"start":{"line":2,"column":19},"end":{"line":2,"column":42}},"11":{"start":{"line":2,"column":62},"end":{"line":2,"column":155}},"12":{"start":{"line":13,"column":17},"end":{"line":90,"column":51}},"13":{"start":{"line":13,"column":40},"end":{"line":13,"column":92}},"14":{"start":{"line":14,"column":44},"end":{"line":14,"column":96}},"15":{"start":{"line":15,"column":4},"end":{"line":15,"column":124}},"16":{"start":{"line":16,"column":4},"end":{"line":17,"column":28}},"17":{"start":{"line":17,"column":28},"end":{"line":17,"column":41}},"18":{"start":{"line":19,"column":3},"end":{"line":90,"column":10}},"19":{"start":{"line":21,"column":18},"end":{"line":21,"column":22}},"20":{"start":{"line":24,"column":6},"end":{"line":35,"column":9}},"21":{"start":{"line":25,"column":8},"end":{"line":34,"column":9}},"22":{"start":{"line":27,"column":10},"end":{"line":33,"column":11}},"23":{"start":{"line":28,"column":12},"end":{"line":28,"column":55}},"24":{"start":{"line":29,"column":12},"end":{"line":29,"column":41}},"25":{"start":{"line":31,"column":12},"end":{"line":31,"column":42}},"26":{"start":{"line":37,"column":6},"end":{"line":39,"column":9}},"27":{"start":{"line":38,"column":8},"end":{"line":38,"column":52}},"28":{"start":{"line":44,"column":18},"end":{"line":44,"column":22}},"29":{"start":{"line":46,"column":6},"end":{"line":48,"column":9}},"30":{"start":{"line":47,"column":8},"end":{"line":47,"column":38}},"31":{"start":{"line":52,"column":6},"end":{"line":52,"column":47}},"32":{"start":{"line":54,"column":18},"end":{"line":54,"column":22}},"33":{"start":{"line":55,"column":6},"end":{"line":82,"column":163}},"34":{"start":{"line":63,"column":12},"end":{"line":63,"column":44}},"35":{"start":{"line":78,"column":12},"end":{"line":78,"column":63}},"36":{"start":{"line":90,"column":10},"end":{"line":90,"column":32}},"37":{"start":{"line":90,"column":52},"end":{"line":90,"column":85}},"38":{"start":{"line":93,"column":13},"end":{"line":148,"column":28}}},"fnMap":{"0":{"name":"(anonymous_0)","decl":{"start":{"line":13,"column":17},"end":{"line":13,"column":18}},"loc":{"start":{"line":13,"column":39},"end":{"line":90,"column":33}},"line":13},"1":{"name":"PositiveQuotes","decl":{"start":{"line":14,"column":11},"end":{"line":14,"column":25}},"loc":{"start":{"line":14,"column":33},"end":{"line":19,"column":3}},"line":14},"2":{"name":"componentDidMount","decl":{"start":{"line":19,"column":91},"end":{"line":19,"column":108}},"loc":{"start":{"line":21,"column":4},"end":{"line":42,"column":5}},"line":21},"3":{"name":"(anonymous_3)","decl":{"start":{"line":24,"column":60},"end":{"line":24,"column":61}},"loc":{"start":{"line":24,"column":83},"end":{"line":35,"column":7}},"line":24},"4":{"name":"(anonymous_4)","decl":{"start":{"line":37,"column":97},"end":{"line":37,"column":98}},"loc":{"start":{"line":37,"column":120},"end":{"line":39,"column":7}},"line":37},"5":{"name":"componentWillUnmount","decl":{"start":{"line":42,"column":56},"end":{"line":42,"column":76}},"loc":{"start":{"line":44,"column":4},"end":{"line":50,"column":5}},"line":44},"6":{"name":"(anonymous_6)","decl":{"start":{"line":46,"column":63},"end":{"line":46,"column":64}},"loc":{"start":{"line":46,"column":86},"end":{"line":48,"column":7}},"line":46},"7":{"name":"setModalVisible","decl":{"start":{"line":50,"column":51},"end":{"line":50,"column":66}},"loc":{"start":{"line":51,"column":13},"end":{"line":53,"column":5}},"line":51},"8":{"name":"render","decl":{"start":{"line":53,"column":42},"end":{"line":53,"column":48}},"loc":{"start":{"line":54,"column":4},"end":{"line":90,"column":5}},"line":54},"9":{"name":"onRequestClose","decl":{"start":{"line":62,"column":35},"end":{"line":62,"column":49}},"loc":{"start":{"line":62,"column":52},"end":{"line":64,"column":11}},"line":62},"10":{"name":"onPress","decl":{"start":{"line":77,"column":28},"end":{"line":77,"column":35}},"loc":{"start":{"line":77,"column":38},"end":{"line":79,"column":11}},"line":77}},"branchMap":{"0":{"loc":{"start":{"line":25,"column":8},"end":{"line":34,"column":9}},"type":"if","locations":[{"start":{"line":25,"column":8},"end":{"line":34,"column":9}},{"start":{"line":25,"column":8},"end":{"line":34,"column":9}}],"line":25},"1":{"loc":{"start":{"line":27,"column":10},"end":{"line":33,"column":11}},"type":"if","locations":[{"start":{"line":27,"column":10},"end":{"line":33,"column":11}},{"start":{"line":27,"column":10},"end":{"line":33,"column":11}}],"line":27}},"s":{"0":3,"1":3,"2":3,"3":3,"4":3,"5":3,"6":3,"7":3,"8":3,"9":3,"10":3,"11":3,"12":3,"13":3,"14":0,"15":0,"16":0,"17":0,"18":3,"19":0,"20":0,"21":0,"22":0,"23":0,"24":0,"25":0,"26":0,"27":0,"28":0,"29":0,"30":0,"31":0,"32":0,"33":0,"34":0,"35":0,"36":3,"37":3,"38":3},"f":{"0":3,"1":0,"2":0,"3":0,"4":0,"5":0,"6":0,"7":0,"8":0,"9":0,"10":0},"b":{"0":[0,0],"1":[0,0]},"_coverageSchema":"332fd63041d2c1bcb487cc26dd0d5f7d97098a6c","hash":"38e32538ff8b8bdc361eca84f47eac89b5a92e42"}
,"D:\\nsights_project\\nSights\\Mobile App\\nSights\\src\\Home\\components\\ReportUser.js": {"path":"D:\\nsights_project\\nSights\\Mobile App\\nSights\\src\\Home\\components\\ReportUser.js","statementMap":{"0":{"start":{"line":1,"column":42},"end":{"line":1,"column":97}},"1":{"start":{"line":1,"column":128},"end":{"line":1,"column":184}},"2":{"start":{"line":1,"column":185},"end":{"line":1,"column":247}},"3":{"start":{"line":1,"column":247},"end":{"line":1,"column":272}},"4":{"start":{"line":1,"column":295},"end":{"line":1,"column":367}},"5":{"start":{"line":1,"column":388},"end":{"line":1,"column":457}},"6":{"start":{"line":1,"column":492},"end":{"line":1,"column":575}},"7":{"start":{"line":1,"column":599},"end":{"line":1,"column":671}},"8":{"start":{"line":1,"column":689},"end":{"line":1,"column":755}},"9":{"start":{"line":2,"column":13},"end":{"line":2,"column":54}},"10":{"start":{"line":3,"column":18},"end":{"line":3,"column":40}},"11":{"start":{"line":4,"column":19},"end":{"line":4,"column":42}},"12":{"start":{"line":5,"column":18},"end":{"line":5,"column":90}},"13":{"start":{"line":6,"column":16},"end":{"line":6,"column":96}},"14":{"start":{"line":6,"column":116},"end":{"line":6,"column":205}},"15":{"start":{"line":8,"column":17},"end":{"line":19,"column":39}},"16":{"start":{"line":24,"column":13},"end":{"line":93,"column":47}},"17":{"start":{"line":24,"column":36},"end":{"line":24,"column":84}},"18":{"start":{"line":25,"column":35},"end":{"line":25,"column":83}},"19":{"start":{"line":26,"column":4},"end":{"line":26,"column":113}},"20":{"start":{"line":27,"column":4},"end":{"line":29,"column":18}},"21":{"start":{"line":29,"column":18},"end":{"line":29,"column":31}},"22":{"start":{"line":31,"column":3},"end":{"line":93,"column":10}},"23":{"start":{"line":34,"column":6},"end":{"line":37,"column":7}},"24":{"start":{"line":35,"column":8},"end":{"line":35,"column":37}},"25":{"start":{"line":36,"column":8},"end":{"line":36,"column":15}},"26":{"start":{"line":38,"column":6},"end":{"line":38,"column":35}},"27":{"start":{"line":41,"column":18},"end":{"line":41,"column":22}},"28":{"start":{"line":42,"column":6},"end":{"line":87,"column":16}},"29":{"start":{"line":47,"column":99},"end":{"line":47,"column":139}},"30":{"start":{"line":58,"column":99},"end":{"line":58,"column":139}},"31":{"start":{"line":68,"column":10},"end":{"line":84,"column":147}},"32":{"start":{"line":93,"column":10},"end":{"line":93,"column":28}},"33":{"start":{"line":93,"column":48},"end":{"line":93,"column":77}},"34":{"start":{"line":95,"column":13},"end":{"line":104,"column":31}}},"fnMap":{"0":{"name":"(anonymous_0)","decl":{"start":{"line":24,"column":13},"end":{"line":24,"column":14}},"loc":{"start":{"line":24,"column":35},"end":{"line":93,"column":29}},"line":24},"1":{"name":"ReportUser","decl":{"start":{"line":25,"column":11},"end":{"line":25,"column":21}},"loc":{"start":{"line":25,"column":24},"end":{"line":31,"column":3}},"line":25},"2":{"name":"onCheckBoxPress","decl":{"start":{"line":31,"column":85},"end":{"line":31,"column":100}},"loc":{"start":{"line":33,"column":8},"end":{"line":39,"column":5}},"line":33},"3":{"name":"render","decl":{"start":{"line":39,"column":42},"end":{"line":39,"column":48}},"loc":{"start":{"line":41,"column":4},"end":{"line":93,"column":5}},"line":41},"4":{"name":"onPress","decl":{"start":{"line":47,"column":88},"end":{"line":47,"column":95}},"loc":{"start":{"line":47,"column":98},"end":{"line":47,"column":140}},"line":47},"5":{"name":"onPress","decl":{"start":{"line":58,"column":88},"end":{"line":58,"column":95}},"loc":{"start":{"line":58,"column":98},"end":{"line":58,"column":140}},"line":58},"6":{"name":"(anonymous_6)","decl":{"start":{"line":67,"column":23},"end":{"line":67,"column":24}},"loc":{"start":{"line":67,"column":47},"end":{"line":87,"column":9}},"line":67}},"branchMap":{"0":{"loc":{"start":{"line":34,"column":6},"end":{"line":37,"column":7}},"type":"if","locations":[{"start":{"line":34,"column":6},"end":{"line":37,"column":7}},{"start":{"line":34,"column":6},"end":{"line":37,"column":7}}],"line":34}},"s":{"0":3,"1":3,"2":3,"3":3,"4":3,"5":3,"6":3,"7":3,"8":3,"9":3,"10":3,"11":3,"12":3,"13":3,"14":3,"15":3,"16":3,"17":3,"18":0,"19":0,"20":0,"21":0,"22":3,"23":0,"24":0,"25":0,"26":0,"27":0,"28":0,"29":0,"30":0,"31":0,"32":3,"33":3,"34":3},"f":{"0":3,"1":0,"2":0,"3":0,"4":0,"5":0,"6":0},"b":{"0":[0,0]},"_coverageSchema":"332fd63041d2c1bcb487cc26dd0d5f7d97098a6c","hash":"2bce46bf750ea27d1646e1070a54dfef021fef28"}
,"D:\\nsights_project\\nSights\\Mobile App\\nSights\\src\\Key Results\\components\\ChuteTime.js": {"path":"D:\\nsights_project\\nSights\\Mobile App\\nSights\\src\\Key Results\\components\\ChuteTime.js","statementMap":{"0":{"start":{"line":1,"column":42},"end":{"line":1,"column":97}},"1":{"start":{"line":1,"column":128},"end":{"line":1,"column":184}},"2":{"start":{"line":1,"column":185},"end":{"line":1,"column":247}},"3":{"start":{"line":1,"column":247},"end":{"line":1,"column":272}},"4":{"start":{"line":1,"column":295},"end":{"line":1,"column":367}},"5":{"start":{"line":1,"column":388},"end":{"line":1,"column":457}},"6":{"start":{"line":1,"column":492},"end":{"line":1,"column":575}},"7":{"start":{"line":1,"column":599},"end":{"line":1,"column":671}},"8":{"start":{"line":1,"column":689},"end":{"line":1,"column":755}},"9":{"start":{"line":3,"column":13},"end":{"line":3,"column":54}},"10":{"start":{"line":4,"column":18},"end":{"line":4,"column":40}},"11":{"start":{"line":5,"column":19},"end":{"line":5,"column":42}},"12":{"start":{"line":6,"column":18},"end":{"line":6,"column":90}},"13":{"start":{"line":7,"column":16},"end":{"line":7,"column":96}},"14":{"start":{"line":8,"column":27},"end":{"line":8,"column":60}},"15":{"start":{"line":9,"column":28},"end":{"line":9,"column":62}},"16":{"start":{"line":10,"column":22},"end":{"line":10,"column":74}},"17":{"start":{"line":11,"column":36},"end":{"line":11,"column":104}},"18":{"start":{"line":12,"column":12},"end":{"line":12,"column":56}},"19":{"start":{"line":13,"column":30},"end":{"line":13,"column":66}},"20":{"start":{"line":14,"column":17},"end":{"line":14,"column":75}},"21":{"start":{"line":15,"column":38},"end":{"line":15,"column":107}},"22":{"start":{"line":15,"column":127},"end":{"line":15,"column":222}},"23":{"start":{"line":17,"column":16},"end":{"line":17,"column":115}},"24":{"start":{"line":21,"column":12},"end":{"line":495,"column":46}},"25":{"start":{"line":21,"column":35},"end":{"line":21,"column":82}},"26":{"start":{"line":23,"column":39},"end":{"line":23,"column":86}},"27":{"start":{"line":24,"column":4},"end":{"line":24,"column":119}},"28":{"start":{"line":24,"column":119},"end":{"line":57,"column":75}},"29":{"start":{"line":57,"column":75},"end":{"line":57,"column":88}},"30":{"start":{"line":57,"column":89},"end":{"line":495,"column":10}},"31":{"start":{"line":63,"column":18},"end":{"line":63,"column":22}},"32":{"start":{"line":64,"column":24},"end":{"line":67,"column":38}},"33":{"start":{"line":69,"column":18},"end":{"line":69,"column":46}},"34":{"start":{"line":70,"column":18},"end":{"line":70,"column":46}},"35":{"start":{"line":72,"column":18},"end":{"line":72,"column":46}},"36":{"start":{"line":74,"column":17},"end":{"line":74,"column":66}},"37":{"start":{"line":78,"column":21},"end":{"line":78,"column":69}},"38":{"start":{"line":80,"column":34},"end":{"line":83,"column":32}},"39":{"start":{"line":85,"column":33},"end":{"line":88,"column":32}},"40":{"start":{"line":90,"column":38},"end":{"line":93,"column":32}},"41":{"start":{"line":95,"column":6},"end":{"line":483,"column":158}},"42":{"start":{"line":101,"column":107},"end":{"line":101,"column":147}},"43":{"start":{"line":119,"column":165},"end":{"line":119,"column":205}},"44":{"start":{"line":122,"column":152},"end":{"line":122,"column":192}},"45":{"start":{"line":125,"column":164},"end":{"line":125,"column":204}},"46":{"start":{"line":190,"column":44},"end":{"line":190,"column":78}},"47":{"start":{"line":212,"column":44},"end":{"line":212,"column":78}},"48":{"start":{"line":233,"column":44},"end":{"line":233,"column":78}},"49":{"start":{"line":311,"column":44},"end":{"line":311,"column":78}},"50":{"start":{"line":333,"column":44},"end":{"line":333,"column":78}},"51":{"start":{"line":354,"column":44},"end":{"line":354,"column":78}},"52":{"start":{"line":429,"column":44},"end":{"line":429,"column":78}},"53":{"start":{"line":451,"column":44},"end":{"line":451,"column":78}},"54":{"start":{"line":472,"column":44},"end":{"line":472,"column":78}},"55":{"start":{"line":495,"column":10},"end":{"line":495,"column":27}},"56":{"start":{"line":495,"column":47},"end":{"line":495,"column":75}},"57":{"start":{"line":499,"column":13},"end":{"line":543,"column":23}}},"fnMap":{"0":{"name":"(anonymous_0)","decl":{"start":{"line":21,"column":12},"end":{"line":21,"column":13}},"loc":{"start":{"line":21,"column":34},"end":{"line":495,"column":28}},"line":21},"1":{"name":"ChuteTime","decl":{"start":{"line":23,"column":11},"end":{"line":23,"column":20}},"loc":{"start":{"line":23,"column":28},"end":{"line":57,"column":89}},"line":23},"2":{"name":"render","decl":{"start":{"line":57,"column":161},"end":{"line":57,"column":167}},"loc":{"start":{"line":63,"column":4},"end":{"line":495,"column":5}},"line":63},"3":{"name":"onPress","decl":{"start":{"line":101,"column":96},"end":{"line":101,"column":103}},"loc":{"start":{"line":101,"column":106},"end":{"line":101,"column":148}},"line":101},"4":{"name":"onPress","decl":{"start":{"line":119,"column":154},"end":{"line":119,"column":161}},"loc":{"start":{"line":119,"column":164},"end":{"line":119,"column":206}},"line":119},"5":{"name":"onPress","decl":{"start":{"line":122,"column":141},"end":{"line":122,"column":148}},"loc":{"start":{"line":122,"column":151},"end":{"line":122,"column":193}},"line":122},"6":{"name":"onPress","decl":{"start":{"line":125,"column":153},"end":{"line":125,"column":160}},"loc":{"start":{"line":125,"column":163},"end":{"line":125,"column":205}},"line":125},"7":{"name":"onPress","decl":{"start":{"line":190,"column":28},"end":{"line":190,"column":35}},"loc":{"start":{"line":190,"column":43},"end":{"line":190,"column":79}},"line":190},"8":{"name":"onPress","decl":{"start":{"line":212,"column":28},"end":{"line":212,"column":35}},"loc":{"start":{"line":212,"column":43},"end":{"line":212,"column":79}},"line":212},"9":{"name":"onPress","decl":{"start":{"line":233,"column":28},"end":{"line":233,"column":35}},"loc":{"start":{"line":233,"column":43},"end":{"line":233,"column":79}},"line":233},"10":{"name":"onPress","decl":{"start":{"line":311,"column":28},"end":{"line":311,"column":35}},"loc":{"start":{"line":311,"column":43},"end":{"line":311,"column":79}},"line":311},"11":{"name":"onPress","decl":{"start":{"line":333,"column":28},"end":{"line":333,"column":35}},"loc":{"start":{"line":333,"column":43},"end":{"line":333,"column":79}},"line":333},"12":{"name":"onPress","decl":{"start":{"line":354,"column":28},"end":{"line":354,"column":35}},"loc":{"start":{"line":354,"column":43},"end":{"line":354,"column":79}},"line":354},"13":{"name":"onPress","decl":{"start":{"line":429,"column":28},"end":{"line":429,"column":35}},"loc":{"start":{"line":429,"column":43},"end":{"line":429,"column":79}},"line":429},"14":{"name":"onPress","decl":{"start":{"line":451,"column":28},"end":{"line":451,"column":35}},"loc":{"start":{"line":451,"column":43},"end":{"line":451,"column":79}},"line":451},"15":{"name":"onPress","decl":{"start":{"line":472,"column":28},"end":{
[...]
,"D:\\nsights_project\\nSights\\Mobile App\\nSights\\src\\Profile\\components\\Profile.js": {"path":"D:\\nsights_project\\nSights\\Mobile App\\nSights\\src\\Profile\\components\\Profile.js","statementMap":{"0":{"start":{"line":1,"column":42},"end":{"line":1,"column":97}},"1":{"start":{"line":1,"column":128},"end":{"line":1,"column":184}},"2":{"start":{"line":1,"column":185},"end":{"line":1,"column":247}},"3":{"start":{"line":1,"column":247},"end":{"line":1,"column":272}},"4":{"start":{"line":1,"column":295},"end":{"line":1,"column":367}},"5":{"start":{"line":1,"column":388},"end":{"line":1,"column":457}},"6":{"start":{"line":1,"column":492},"end":{"line":1,"column":575}},"7":{"start":{"line":1,"column":599},"end":{"line":1,"column":671}},"8":{"start":{"line":1,"column":689},"end":{"line":1,"column":755}},"9":{"start":{"line":3,"column":13},"end":{"line":3,"column":54}},"10":{"start":{"line":4,"column":18},"end":{"line":4,"column":40}},"11":{"start":{"line":5,"column":19},"end":{"line":5,"column":42}},"12":{"start":{"line":6,"column":18},"end":{"line":6,"column":90}},"13":{"start":{"line":7,"column":16},"end":{"line":7,"column":96}},"14":{"start":{"line":8,"column":27},"end":{"line":8,"column":60}},"15":{"start":{"line":9,"column":30},"end":{"line":9,"column":66}},"16":{"start":{"line":10,"column":17},"end":{"line":10,"column":75}},"17":{"start":{"line":10,"column":95},"end":{"line":10,"column":184}},"18":{"start":{"line":11,"column":16},"end":{"line":11,"column":115}},"19":{"start":{"line":14,"column":0},"end":{"line":19,"column":16}},"20":{"start":{"line":24,"column":7},"end":{"line":165,"column":41}},"21":{"start":{"line":24,"column":30},"end":{"line":24,"column":72}},"22":{"start":{"line":26,"column":34},"end":{"line":26,"column":76}},"23":{"start":{"line":27,"column":4},"end":{"line":27,"column":114}},"24":{"start":{"line":27,"column":114},"end":{"line":30,"column":28}},"25":{"start":{"line":30,"column":28},"end":{"line":30,"column":41}},"26":{"start":{"line":30,"column":42},"end":{"line":165,"column":10}},"27":{"start":{"line":34,"column":6},"end":{"line":34,"column":47}},"28":{"start":{"line":36,"column":18},"end":{"line":36,"column":22}},"29":{"start":{"line":37,"column":6},"end":{"line":157,"column":209}},"30":{"start":{"line":43,"column":107},"end":{"line":43,"column":160}},"31":{"start":{"line":53,"column":107},"end":{"line":53,"column":166}},"32":{"start":{"line":88,"column":99},"end":{"line":88,"column":124}},"33":{"start":{"line":124,"column":53},"end":{"line":124,"column":91}},"34":{"start":{"line":143,"column":12},"end":{"line":143,"column":59}},"35":{"start":{"line":156,"column":155},"end":{"line":156,"column":211}},"36":{"start":{"line":165,"column":10},"end":{"line":165,"column":22}},"37":{"start":{"line":165,"column":42},"end":{"line":165,"column":65}},"38":{"start":{"line":169,"column":13},"end":{"line":207,"column":25}}},"fnMap":{"0":{"name":"(anonymous_0)","decl":{"start":{"line":24,"column":7},"end":{"line":24,"column":8}},"loc":{"start":{"line":24,"column":29},"end":{"line":165,"column":23}},"line":24},"1":{"name":"Home","decl":{"start":{"line":26,"column":11},"end":{"line":26,"column":15}},"loc":{"start":{"line":26,"column":23},"end":{"line":30,"column":42}},"line":26},"2":{"name":"toggleModal","decl":{"start":{"line":30,"column":114},"end":{"line":30,"column":125}},"loc":{"start":{"line":33,"column":13},"end":{"line":35,"column":5}},"line":33},"3":{"name":"render","decl":{"start":{"line":35,"column":42},"end":{"line":35,"column":48}},"loc":{"start":{"line":36,"column":4},"end":{"line":165,"column":5}},"line":36},"4":{"name":"onPress","decl":{"start":{"line":43,"column":96},"end":{"line":43,"column":103}},"loc":{"start":{"line":43,"column":106},"end":{"line":43,"column":161}},"line":43},"5":{"name":"onPress","decl":{"start":{"line":53,"column":96},"end":{"line":53,"column":103}},"loc":{"start":{"line":53,"column":106},"end":{"line":53,"column":167}},"line":53},"6":{"name":"onPress","decl":{"start":{"line":88,"column":88},"end":{"line":88,"column":95}},"loc":{"start":{"line":88,"column":98},"end":{"line":88,"column":125}},"line":88},"7":{"name":"onRequestClose","decl":{"start":{"line":124,"column":35},"end":{"line":124,"column":49}},"loc":{"start":{"line":124,"column":52},"end":{"line":124,"column":92}},"line":124},"8":{"name":"onPress","decl":{"start":{"line":142,"column":132},"end":{"line":142,"column":139}},"loc":{"start":{"line":142,"column":142},"end":{"line":144,"column":11}},"line":142},"9":{"name":"onPress","decl":{"start":{"line":156,"column":144},"end":{"line":156,"column":151}},"loc":{"start":{"line":156,"column":154},"end":{"line":156,"column":212}},"line":156}},"branchMap":{},"s":{"0":3,"1":3,"2":3,"3":3,"4":3,"5":3,"6":3,"7":3,"8":3,"9":3,"10":3,"11":3,"12":3,"13":3,"14":3,"15":3,"16":3,"17":3,"18":3,"19":3,"20":3,"21":3,"22":0,"23":0,"24":0,"25":0,"26":3,"27":0,"28":0,"29":0,"30":0,"31":0,"32":0,"33":0,"34":0,"35":0,"36":3,"37":3,"38":3},"f":{"0":3,"1":0,"2":0,"3":0,"4":0,"5":0,"6":0,"7":0,"8":0,"9":0},"b":{},"_coverageSchema":"332fd63041d2c1bcb487cc26dd0d5f7d97098a6c","hash":"34322419c41c20e7f41c5848fd0408c09d4025d3"}
,"D:\\nsights_project\\nSights\\Mobile App\\nSights\\src\\Profile\\components\\Rating_Comments.js": {"path":"D:\\nsights_project\\nSights\\Mobile App\\nSights\\src\\Profile\\components\\Rating_Comments.js","statementMap":{"0":{"start":{"line":1,"column":42},"end":{"line":1,"column":97}},"1":{"start":{"line":1,"column":128},"end":{"line":1,"column":184}},"2":{"start":{"line":1,"column":185},"end":{"line":1,"column":247}},"3":{"start":{"line":1,"column":247},"end":{"line":1,"column":272}},"4":{"start":{"line":1,"column":295},"end":{"line":1,"column":367}},"5":{"start":{"line":1,"column":388},"end":{"line":1,"column":457}},"6":{"start":{"line":1,"column":492},"end":{"line":1,"column":575}},"7":{"start":{"line":1,"column":599},"end":{"line":1,"column":671}},"8":{"start":{"line":1,"column":689},"end":{"line":1,"column":755}},"9":{"start":{"line":2,"column":13},"end":{"line":2,"column":54}},"10":{"start":{"line":3,"column":18},"end":{"line":3,"column":40}},"11":{"start":{"line":4,"column":19},"end":{"line":4,"column":42}},"12":{"start":{"line":5,"column":18},"end":{"line":5,"column":90}},"13":{"start":{"line":6,"column":16},"end":{"line":6,"column":96}},"14":{"start":{"line":7,"column":27},"end":{"line":7,"column":60}},"15":{"start":{"line":8,"column":29},"end":{"line":8,"column":88}},"16":{"start":{"line":9,"column":19},"end":{"line":9,"column":91}},"17":{"start":{"line":9,"column":111},"end":{"line":9,"column":208}},"18":{"start":{"line":16,"column":19},"end":{"line":86,"column":20}},"19":{"start":{"line":91,"column":0},"end":{"line":96,"column":17}},"20":{"start":{"line":98,"column":12},"end":{"line":98,"column":43}},"21":{"start":{"line":99,"column":10},"end":{"line":99,"column":144}},"22":{"start":{"line":103,"column":18},"end":{"line":134,"column":52}},"23":{"start":{"line":103,"column":41},"end":{"line":103,"column":94}},"24":{"start":{"line":103,"column":122},"end":{"line":103,"column":175}},"25":{"start":{"line":103,"column":175},"end":{"line":103,"column":300}},"26":{"start":{"line":103,"column":301},"end":{"line":134,"column":10}},"27":{"start":{"line":104,"column":17},"end":{"line":104,"column":21}},"28":{"start":{"line":105,"column":6},"end":{"line":128,"column":111}},"29":{"start":{"line":110,"column":107},"end":{"line":110,"column":146}},"30":{"start":{"line":134,"column":10},"end":{"line":134,"column":33}},"31":{"start":{"line":134,"column":53},"end":{"line":134,"column":87}},"32":{"start":{"line":138,"column":10},"end":{"line":241,"column":44}},"33":{"start":{"line":138,"column":34},"end":{"line":138,"column":80}},"34":{"start":{"line":138,"column":100},"end":{"line":138,"column":145}},"35":{"start":{"line":138,"column":145},"end":{"line":138,"column":262}},"36":{"start":{"line":138,"column":263},"end":{"line":241,"column":10}},"37":{"start":{"line":140,"column":6},"end":{"line":236,"column":310}},"38":{"start":{"line":241,"column":10},"end":{"line":241,"column":25}},"39":{"start":{"line":245,"column":11},"end":{"line":279,"column":45}},"40":{"start":{"line":245,"column":35},"end":{"line":245,"column":82}},"41":{"start":{"line":245,"column":103},"end":{"line":245,"column":149}},"42":{"start":{"line":245,"column":149},"end":{"line":245,"column":267}},"43":{"start":{"line":245,"column":268},"end":{"line":279,"column":10}},"44":{"start":{"line":247,"column":24},"end":{"line":247,"column":175}},"45":{"start":{"line":248,"column":6},"end":{"line":268,"column":210}},"46":{"start":{"line":252,"column":45},"end":{"line":268,"column":203}},"47":{"start":{"line":266,"column":64},"end":{"line":268,"column":195}},"48":{"start":{"line":279,"column":10},"end":{"line":279,"column":26}},"49":{"start":{"line":283,"column":13},"end":{"line":324,"column":23}}},"fnMap":{"0":{"name":"(anonymous_0)","decl":{"start":{"line":103,"column":18},"end":{"line":103,"column":19}},"loc":{"start":{"line":103,"column":40},"end":{"line":134,"column":34}},"line":103},"1":{"name":"Rating_Comments","decl":{"start":{"line":103,"column":103},"end":{"line":103,"column":118}},"loc":{"start":{"line":103,"column":121},"end":{"line":103,"column":301}},"line":103},"2":{"name":"render","decl":{"start":{"line":103,"column":379},"end":{"line":103,"column":385}},"loc":{"start":{"line":104,"column":4},"end":{"line":134,"column":5}},"line":104},"3":{"name":"onPress","decl":{"start":{"line":110,"column":96},"end":{"line":110,"column":103}},"loc":{"start":{"line":110,"column":106},"end":{"line":110,"column":147}},"line":110},"4":{"name":"(anonymous_4)","decl":{"start":{"line":138,"column":10},"end":{"line":138,"column":11}},"loc":{"start":{"line":138,"column":33},"end":{"line":241,"column":26}},"line":138},"5":{"name":"Ratings","decl":{"start":{"line":138,"column":89},"end":{"line":138,"column":96}},"loc":{"start":{"line":138,"column":99},"end":{"line":138,"column":263}},"line":138},"6":{"name":"render","decl":{"start":{"line":138,"column":333},"end":{"line":138,"column":339}},"loc":{"start":{"line":139,"column":4},"end":{"line":241,"column":5}},"line":139},"7":{"name":"(anonymous_7)","decl":{"start":{"line":245,"column":11},"end":{"line":245,"column":12}},"loc":{"start":{"line":245,"column":34},"end":{"line":279,"column":27}},"line":245},"8":{"name":"Comments","decl":{"start":{"line":245,"column":91},"end":{"line":245,"column":99}},"loc":{"start":{"line":245,"column":102},"end":{"line":245,"column":268}},"line":245},"9":{"name":"render","decl":{"start":{"line":245,"column":339},"end":{"line":245,"column":345}},"loc":{"start":{"line":246,"column":4},"end":{"line":279,"column":5}},"line":246},"10":{"name":"(anonymous_10)","decl":{"start":{"line":252,"column":25},"end":{"line":252,"column":26}},"loc":{"start":{"line":252,"column":44},"end":{"line":268,"column":204}},"line":252},"11":{"name":"(anonymous_11)","decl":{"start":{"line":266,"column":40},"end":{"line":266,"column":41}},"loc":{"start":{"line":266,"column":63},"end":{"line":268,"column":196}},"line":266}},"branchMap":{"0":{"loc":{"start":{"line":262,"column":192},"end":{"line":262,"column":328}},"type":"cond-expr","locations":[{"start":{"line":262,"column":209},"end":{"line":262,"column":220}},{"start":{"line":262,"column":223},"end":{"line":262,"column":328}}],"line":262}},"s":{"0":3,"1":3,"2":3,"3":3,"4":3,"5":3,"6":3,"7":3,"8":3,"9":3,"10":3,"11":3,"12":3,"13":3,"14":3,"15":3,"16":3,"17":3,"18":3,"19":3,"20":3,"21":3,"22":3,"23":3,"24":0,"25":0,"26":3,"27":0,"28":0,"29":0,"30":3,"31":3,"32":3,"33":3,"34":0,"35":0,"36":3,"37":0,"38":3,"39":3,"40":3,"41":0,"42":0,"43":3,"44":0,"45":0,"46":0,"47":0,"48":3,"49":3},"f":{"0":3,"1":0,"2":0,"3":0,"4":3,"5":0,"6":0,"7":3,"8":0,"9":0,"10":0,"11":0},"b":{"0":[0,0]},"_coverageSchema":"332fd63041d2c1bcb487cc26dd0d5f7d97098a6c","hash":"e2433e9365fe5fd96eed61cafab6804ea22044d6"}
,"D:\\nsights_project\\nSights\\Mobile App\\nSights\\src\\Search\\components\\Search.js": {"path":"D:\\nsights_project\\nSights\\Mobile App\\nSights\\src\\Search\\components\\Search.js","statementMap":{"0":{"start":{"line":1,"column":42},"end":{"line":1,"column":97}},"1":{"start":{"line":1,"column":128},"end":{"line":1,"column":184}},"2":{"start":{"line":1,"column":185},"end":{"line":1,"column":247}},"3":{"start":{"line":1,"column":247},"end":{"line":1,"column":272}},"4":{"start":{"line":1,"column":295},"end":{"line":1,"column":367}},"5":{"start":{"line":1,"column":388},"end":{"line":1,"column":457}},"6":{"start":{"line":1,"column":492},"end":{"line":1,"column":575}},"7":{"start":{"line":1,"column":599},"end":{"line":1,"column":671}},"8":{"start":{"line":1,"column":689},"end":{"line":1,"column":755}},"9":{"start":{"line":1,"column":769},"end":{"line":1,"column":810}},"10":{"start":{"line":2,"column":18},"end":{"line":2,"column":40}},"11":{"start":{"line":3,"column":19},"end":{"line":3,"column":42}},"12":{"start":{"line":4,"column":18},"end":{"line":4,"column":90}},"13":{"start":{"line":5,"column":16},"end":{"line":5,"column":96}},"14":{"start":{"line":5,"column":116},"end":{"line":5,"column":203}},"15":{"start":{"line":8,"column":15},"end":{"line":8,"column":58}},"16":{"start":{"line":10,"column":9},"end":{"line":47,"column":43}},"17":{"start":{"line":10,"column":32},"end":{"line":10,"column":76}},"18":{"start":{"line":10,"column":95},"end":{"line":10,"column":139}},"19":{"start":{"line":10,"column":139},"end":{"line":10,"column":255}},"20":{"start":{"line":10,"column":256},"end":{"line":47,"column":10}},"21":{"start":{"line":12,"column":6},"end":{"line":39,"column":108}},"22":{"start":{"line":47,"column":10},"end":{"line":47,"column":24}},"23":{"start":{"line":47,"column":44},"end":{"line":47,"column":69}},"24":{"start":{"line":51,"column":6},"end":{"line":61,"column":40}},"25":{"start":{"line":51,"column":30},"end":{"line":51,"column":72}},"26":{"start":{"line":51,"column":88},"end":{"line":51,"column":129}},"27":{"start":{"line":51,"column":129},"end":{"line":51,"column":242}},"28":{"start":{"line":51,"column":243},"end":{"line":61,"column":10}},"29":{"start":{"line":54,"column":6},"end":{"line":57,"column":131}},"30":{"start":{"line":61,"column":10},"end":{"line":61,"column":21}},"31":{"start":{"line":64,"column":9},"end":{"line":74,"column":43}},"32":{"start":{"line":64,"column":33},"end":{"line":64,"column":78}},"33":{"start":{"line":64,"column":97},"end":{"line":64,"column":141}},"34":{"start":{"line":64,"column":141},"end":{"line":64,"column":257}},"35":{"start":{"line":64,"column":258},"end":{"line":74,"column":10}},"36":{"start":{"line":67,"column":6},"end":{"line":70,"column":131}},"37":{"start":{"line":74,"column":10},"end":{"line":74,"column":24}},"38":{"start":{"line":77,"column":7},"end":{"line":87,"column":41}},"39":{"start":{"line":77,"column":31},"end":{"line":77,"column":74}},"40":{"start":{"line":77,"column":91},"end":{"line":77,"column":133}},"41":{"start":{"line":77,"column":133},"end":{"line":77,"column":247}},"42":{"start":{"line":77,"column":248},"end":{"line":87,"column":10}},"43":{"start":{"line":80,"column":6},"end":{"line":83,"column":131}},"44":{"start":{"line":87,"column":10},"end":{"line":87,"column":22}},"45":{"start":{"line":90,"column":9},"end":{"line":100,"column":43}},"46":{"start":{"line":90,"column":33},"end":{"line":90,"column":78}},"47":{"start":{"line":90,"column":97},"end":{"line":90,"column":141}},"48":{"start":{"line":90,"column":141},"end":{"line":90,"column":257}},"49":{"start":{"line":90,"column":258},"end":{"line":100,"column":10}},"50":{"start":{"line":93,"column":6},"end":{"line":96,"column":131}},"51":{"start":{"line":100,"column":10},"end":{"line":100,"column":24}},"52":{"start":{"line":103,"column":13},"end":{"line":105,"column":32}}},"fnMap":{"0":{"name":"(anonymous_0)","decl":{"start":{"line":10,"column":9},"end":{"line":10,"column":10}},"loc":{"start":{"line":10,"column":31},"end":{"line":47,"column":25}},"line":10},"1":{"name":"Search","decl":{"start":{"line":10,"column":85},"end":{"line":10,"column":91}},"loc":{"start":{"line":10,"column":94},"end":{"line":10,"column":256}},"line":10},"2":{"name":"render","decl":{"start":{"line":10,"column":325},"end":{"line":10,"column":331}},"loc":{"start":{"line":11,"column":4},"end":{"line":47,"column":5}},"line":11},"3":{"name":"(anonymous_3)","decl":{"start":{"line":51,"column":6},"end":{"line":51,"column":7}},"loc":{"start":{"line":51,"column":29},"end":{"line":61,"column":22}},"line":51},"4":{"name":"Top","decl":{"start":{"line":51,"column":81},"end":{"line":51,"column":84}},"loc":{"start":{"line":51,"column":87},"end":{"line":51,"column":243}},"line":51},"5":{"name":"render","decl":{"start":{"line":51,"column":309},"end":{"line":51,"column":315}},"loc":{"start":{"line":52,"column":4},"end":{"line":61,"column":5}},"line":52},"6":{"name":"(anonymous_6)","decl":{"start":{"line":64,"column":9},"end":{"line":64,"column":10}},"loc":{"start":{"line":64,"column":32},"end":{"line":74,"column":25}},"line":64},"7":{"name":"People","decl":{"start":{"line":64,"column":87},"end":{"line":64,"column":93}},"loc":{"start":{"line":64,"column":96},"end":{"line":64,"column":258}},"line":64},"8":{"name":"render","decl":{"start":{"line":64,"column":327},"end":{"line":64,"column":333}},"loc":{"start":{"line":65,"column":4},"end":{"line":74,"column":5}},"line":65},"9":{"name":"(anonymous_9)","decl":{"start":{"line":77,"column":7},"end":{"line":77,"column":8}},"loc":{"start":{"line":77,"column":30},"end":{"line":87,"column":23}},"line":77},"10":{"name":"Tags","decl":{"start":{"line":77,"column":83},"end":{"line":77,"column":87}},"loc":{"start":{"line":77,"column":90},"end":{"line":77,"column":248}},"line":77},"11":{"name":"render","decl":{"start":{"line":77,"column":315},"end":{"line":77,"column":321}},"loc":{"start":{"line":78,"column":4},"end":{"line":87,"column":5}},"line":78},"12":{"name":"(anonymous_12)","decl":{"start":{"line":90,"column":9},"end":{"line":90,"column":10}},"loc":{"start":{"line":90,"column":32},"end":{"line":100,"column":25}},"line":90},"13":{"name":"Places","decl":{"start":{"line":90,"column":87},"end":{"line":90,"column":93}},"loc":{"start":{"line":90,"column":96},"end":{"line":90,"column":258}},"line":90},"14":{"name":"render","decl":{"start":{"line":90,"column":327},"end":{"line":90,"column":333}},"loc":{"start":{"line":91,"column":4},"end":{"line":100,"column":5}},"line":91}},"branchMap":{},"s":{"0":3,"1":3,"2":3,"3":3,"4":3,"5":3,"6":3,"7":3,"8":3,"9":3,"10":3,"11":3,"12":3,"13":3,"14":3,"15":3,"16":3,"17":3,"18":0,"19":0,"20":3,"21":0,"22":3,"23":3,"24":3,"25":3,"26":0,"27":0,"28":3,"29":0,"30":3,"31":3,"32":3,"33":0,"34":0,"35":3,"36":0,"37":3,"38":3,"39":3,"40":0,"41":0,"42":3,"43":0,"44":3,"45":3,"46":3,"47":0,"48":0,"49":3,"50":0,"51":3,"52":3},"f":{"0":3,"1":0,"2":0,"3":3,"4":0,"5":0,"6":3,"7":0,"8":0,"9":3,"10":0,"11":0,"12":3,"13":0,"14":0},"b":{},"_coverageSchema":"332fd63041d2c1bcb487cc26dd0d5f7d97098a6c","hash":"e9d268488129b932e38629b8f40f469c0d7f953b"}
}
