TN:
SF:D:\nsights_project\nSights\Mobile App\nSights\SampleAPI.js
FN:4,(anonymous_0)
FN:4,SampleAPI
FN:4,authenticateUser
FN:10,getAllKudos
FN:15,postKudos
FN:26,checkToDeleteOrMute
FN:34,addPostComment
FN:44,addPostLikes
FN:52,getAllReportReason
FN:57,deleteOrReportPost
FN:73,getProfile
FN:77,getNotifications
FN:81,getAllAchievements
FN:85,getUserRatings
FN:89,getBookmarkedQuotes
FN:93,gaveMostFeedback
FN:98,gotMostFeedback
FN:102,gaveMostKudos
FN:106,gotMostKudos
FN:110,getRankingPosition
FNF:20
FNH:20
FNDA:4,(anonymous_0)
FNDA:4,SampleAPI
FNDA:1,authenticateUser
FNDA:1,getAllKudos
FNDA:1,postKudos
FNDA:1,checkToDeleteOrMute
FNDA:1,addPostComment
FNDA:1,addPostLikes
FNDA:1,getAllReportReason
FNDA:1,deleteOrReportPost
FNDA:1,getProfile
FNDA:1,getNotifications
FNDA:1,getAllAchievements
FNDA:1,getUserRatings
FNDA:1,getBookmarkedQuotes
FNDA:1,gaveMostFeedback
FNDA:1,gotMostFeedback
FNDA:1,gaveMostKudos
FNDA:1,gotMostKudos
FNDA:1,getRankingPosition
DA:1,4
DA:2,4
DA:3,4
DA:4,4
DA:8,1
DA:9,1
DA:13,1
DA:14,1
DA:19,1
DA:30,1
DA:38,1
DA:48,1
DA:56,1
DA:63,1
DA:76,1
DA:80,1
DA:84,1
DA:88,1
DA:92,1
DA:97,1
DA:101,1
DA:105,1
DA:109,1
DA:113,1
DA:114,4
LF:25
LH:25
BRF:0
BRH:0
end_of_record
TN:
SF:D:\nsights_project\nSights\Mobile App\nSights\jestSetup.js
FNF:0
FNH:0
DA:1,4
DA:2,4
DA:3,4
DA:4,4
DA:12,4
LF:5
LH:5
BRDA:2,0,0,4
BRDA:2,0,1,0
BRDA:3,1,0,4
BRDA:3,1,1,4
BRDA:4,2,0,4
BRDA:4,2,1,4
BRDA:12,3,0,4
BRDA:12,3,1,4
BRF:8
BRH:7
end_of_record
TN:
SF:D:\nsights_project\nSights\Mobile App\nSights\src\Remote.js
FN:4,(anonymous_0)
FN:7,Remote
FN:12,fetchJSON
FN:22,(anonymous_3)
FN:24,(anonymous_4)
FNF:5
FNH:4
FNDA:4,(anonymous_0)
FNDA:18,Remote
FNDA:18,fetchJSON
FNDA:18,(anonymous_3)
FNDA:0,(anonymous_4)
DA:1,4
DA:3,4
DA:4,4
DA:7,18
DA:8,18
DA:9,18
DA:10,18
DA:12,4
DA:15,18
DA:23,18
DA:25,0
DA:28,4
LF:12
LH:11
BRDA:10,0,0,18
BRDA:10,0,1,18
BRF:2
BRH:2
end_of_record
TN:
SF:D:\nsights_project\nSights\Mobile App\nSights\src\Feedback\components\Feedback.js
FN:76,(anonymous_0)
FN:86,Feedback
FN:87,(anonymous_2)
FN:132,(anonymous_3)
FN:136,(anonymous_4)
FN:170,onPress
FN:200,(anonymous_6)
FN:234,onPress
FN:242,(anonymous_8)
FN:261,toggleSwitch
FN:261,onStarRatingPress1
FN:261,onStarRatingPress2
FN:261,onStarRatingPress3
FN:261,onStarRatingPress4
FN:261,onStarRatingPress5
FN:261,render
FN:270,onPress
FN:341,selectedStar
FN:361,selectedStar
FN:380,selectedStar
FN:399,selectedStar
FN:418,selectedStar
FN:472,onPress
FNF:23
FNH:1
FNDA:3,(anonymous_0)
FNDA:0,Feedback
FNDA:0,(anonymous_2)
FNDA:0,(anonymous_3)
FNDA:0,(anonymous_4)
FNDA:0,onPress
FNDA:0,(anonymous_6)
FNDA:0,onPress
FNDA:0,(anonymous_8)
FNDA:0,toggleSwitch
FNDA:0,onStarRatingPress1
FNDA:0,onStarRatingPress2
FNDA:0,onStarRatingPress3
FNDA:0,onStarRatingPress4
FNDA:0,onStarRatingPress5
FNDA:0,render
FNDA:0,onPress
FNDA:0,selectedStar
FNDA:0,selectedStar
FNDA:0,selectedStar
FNDA:0,selectedStar
FNDA:0,selectedStar
FNDA:0,onPress
DA:1,3
DA:3,3
DA:4,3
DA:5,3
DA:6,3
DA:7,3
DA:8,3
DA:9,3
DA:10,3
DA:11,3
DA:12,3
DA:13,3
DA:15,3
DA:17,3
DA:76,3
DA:86,0
DA:87,0
DA:135,0
DA:136,0
DA:137,0
DA:155,0
DA:156,0
DA:170,0
DA:199,0
DA:200,0
DA:201,0
DA:219,0
DA:220,0
DA:234,0
DA:241,0
DA:242,0
DA:243,0
DA:261,3
DA:263,0
DA:265,0
DA:270,0
DA:341,0
DA:361,0
DA:380,0
DA:399,0
DA:418,0
DA:472,0
DA:497,3
DA:502,3
LF:44
LH:18
BRDA:135,0,0,0
BRDA:135,0,1,0
BRDA:155,1,0,0
BRDA:155,1,1,0
BRDA:199,2,0,0
BRDA:199,2,1,0
BRDA:219,3,0,0
BRDA:219,3,1,0
BRDA:241,4,0,0
BRDA:241,4,1,0
BRF:10
BRH:0
end_of_record
TN:
SF:D:\nsights_project\nSights\Mobile App\nSights\src\Feedback\components\FeedbackMain.js
FN:116,(anonymous_0)
FN:116,FeedbackMain
FN:116,render
FN:140,onPress
FN:147,onPress
FN:162,(anonymous_5)
FN:162,Pending
FN:162,render
FN:170,(anonymous_8)
FN:172,onPress
FN:179,onPress
FN:200,(anonymous_11)
FN:200,Requested
FN:200,render
FN:208,(anonymous_14)
FNF:15
FNH:3
FNDA:3,(anonymous_0)
FNDA:0,FeedbackMain
FNDA:0,render
FNDA:0,onPress
FNDA:0,onPress
FNDA:3,(anonymous_5)
FNDA:0,Pending
FNDA:0,render
FNDA:0,(anonymous_8)
FNDA:0,onPress
FNDA:0,onPress
FNDA:3,(anonymous_11)
FNDA:0,Requested
FNDA:0,render
FNDA:0,(anonymous_14)
DA:1,3
DA:2,3
DA:3,3
DA:4,3
DA:5,3
DA:6,3
DA:7,3
DA:15,3
DA:86,3
DA:116,3
DA:118,0
DA:119,0
DA:140,0
DA:147,0
DA:158,3
DA:162,3
DA:164,0
DA:166,0
DA:170,0
DA:172,0
DA:179,0
DA:196,3
DA:200,3
DA:203,0
DA:208,0
DA:228,3
DA:234,3
LF:27
LH:16
BRF:0
BRH:0
end_of_record
TN:
SF:D:\nsights_project\nSights\Mobile App\nSights\src\Feedback\components\GiveFeedback.js
FN:76,(anonymous_0)
FN:78,GiveFeedback
FN:85,searchUpdated
FN:89,render
FN:100,onPress
FN:137,onChangeText
FN:145,(anonymous_6)
FNF:7
FNH:1
FNDA:3,(anonymous_0)
FNDA:0,GiveFeedback
FNDA:0,searchUpdated
FNDA:0,render
FNDA:0,onPress
FNDA:0,onChangeText
FNDA:0,(anonymous_6)
DA:1,3
DA:2,3
DA:3,3
DA:4,3
DA:5,3
DA:6,3
DA:7,3
DA:8,3
DA:15,3
DA:16,3
DA:76,3
DA:78,0
DA:79,0
DA:80,0
DA:82,0
DA:85,3
DA:88,0
DA:92,0
DA:93,0
DA:95,0
DA:100,0
DA:137,0
DA:145,0
DA:169,3
DA:174,3
LF:25
LH:14
BRF:0
BRH:0
end_of_record
TN:
SF:D:\nsights_project\nSights\Mobile App\nSights\src\Feedback\components\RequestFeedback.js
FN:88,(anonymous_0)
FN:90,RequestFeedback
FN:98,searchUpdated
FN:102,onCheckBoxPress
FN:117,render
FN:128,onPress
FN:151,onChangeText
FN:159,(anonymous_7)
FN:185,onPress
FNF:9
FNH:1
FNDA:3,(anonymous_0)
FNDA:0,RequestFeedback
FNDA:0,searchUpdated
FNDA:0,onCheckBoxPress
FNDA:0,render
FNDA:0,onPress
FNDA:0,onChangeText
FNDA:0,(anonymous_7)
FNDA:0,onPress
DA:1,3
DA:2,3
DA:3,3
DA:4,3
DA:5,3
DA:6,3
DA:7,3
DA:8,3
DA:16,3
DA:17,3
DA:88,3
DA:90,0
DA:91,0
DA:92,0
DA:95,0
DA:98,3
DA:101,0
DA:105,0
DA:107,0
DA:108,0
DA:110,0
DA:113,0
DA:120,0
DA:121,0
DA:123,0
DA:128,0
DA:151,0
DA:159,0
DA:185,0
DA:196,3
DA:201,3
LF:31
LH:14
BRDA:107,0,0,0
BRDA:107,0,1,0
BRDA:184,1,0,0
BRDA:184,1,1,0
BRF:4
BRH:0
end_of_record
TN:
SF:D:\nsights_project\nSights\Mobile App\nSights\src\Home\components\Home.js
FN:133,(anonymous_0)
FN:134,Home
FN:158,(anonymous_2)
FN:169,(anonymous_3)
FN:183,(anonymous_4)
FN:193,onPress
FN:212,componentWillUnmount
FN:212,onPress
FN:212,onPress
FN:212,toggleSwitch
FN:212,toggleModal
FN:216,toggleBlockModal
FN:221,render
FN:231,onPress
FN:246,onPress
FN:257,ref
FN:266,(anonymous_16)
FN:295,onPress
FN:297,onPress
FN:336,onRequestClose
FN:344,onPress
FN:356,onRequestClose
FN:362,onPress
FN:367,onPress
FN:620,defaultNavigationOptions
FN:621,tabBarIcon
FN:633,getTabBarIcon
FNF:27
FNH:1
FNDA:3,(anonymous_0)
FNDA:0,Home
FNDA:0,(anonymous_2)
FNDA:0,(anonymous_3)
FNDA:0,(anonymous_4)
FNDA:0,onPress
FNDA:0,componentWillUnmount
FNDA:0,onPress
FNDA:0,onPress
FNDA:0,toggleSwitch
FNDA:0,toggleModal
FNDA:0,toggleBlockModal
FNDA:0,render
FNDA:0,onPress
FNDA:0,onPress
FNDA:0,ref
FNDA:0,(anonymous_16)
FNDA:0,onPress
FNDA:0,onPress
FNDA:0,onRequestClose
FNDA:0,onPress
FNDA:0,onRequestClose
FNDA:0,onPress
FNDA:0,onPress
FNDA:0,defaultNavigationOptions
FNDA:0,tabBarIcon
FNDA:0,getTabBarIcon
DA:1,3
DA:4,3
DA:5,3
DA:6,3
DA:7,3
DA:8,3
DA:10,3
DA:11,3
DA:12,3
DA:13,3
DA:14,3
DA:15,3
DA:16,3
DA:17,3
DA:18,3
DA:19,3
DA:20,3
DA:21,3
DA:22,3
DA:23,3
DA:24,3
DA:27,3
DA:28,3
DA:29,3
DA:30,3
DA:31,3
DA:32,3
DA:33,3
DA:34,3
DA:38,3
DA:130,3
DA:131,3
DA:132,3
DA:133,3
DA:134,0
DA:135,0
DA:159,0
DA:160,0
DA:161,0
DA:164,0
DA:165,0
DA:166,0
DA:168,0
DA:170,0
DA:173,0
DA:174,0
DA:176,0
DA:185,0
DA:186,0
DA:193,0
DA:210,0
DA:212,3
DA:215,0
DA:218,0
DA:219,0
DA:222,0
DA:223,0
DA:224,0
DA:225,0
DA:231,0
DA:246,0
DA:257,0
DA:266,0
DA:295,0
DA:297,0
DA:336,0
DA:345,0
DA:356,0
DA:362,0
DA:368,0
DA:379,3
DA:381,3
DA:447,3
DA:525,3
DA:556,3
DA:593,3
DA:608,3
DA:620,0
DA:621,0
DA:627,3
DA:633,3
DA:634,0
DA:638,0
DA:640,0
DA:641,0
DA:643,0
DA:644,0
DA:647,0
DA:648,0
DA:651,0
DA:652,0
DA:655,0
DA:659,0
LF:93
LH:44
BRDA:164,0,0,0
BRDA:164,0,1,0
BRDA:173,1,0,0
BRDA:173,1,1,0
BRDA:185,2,0,0
BRDA:185,2,1,0
BRDA:254,3,0,0
BRDA:254,3,1,0
BRDA:258,4,0,0
BRDA:258,4,1,0
BRDA:271,5,0,0
BRDA:271,5,1,0
BRDA:288,6,0,0
BRDA:288,6,1,0
BRDA:295,7,0,0
BRDA:295,7,1,0
BRDA:305,8,0,0
BRDA:305,8,1,0
BRDA:638,9,0,0
BRDA:638,9,1,0
BRDA:640,10,0,0
BRDA:640,10,1,0
BRDA:641,11,0,0
BRDA:641,11,1,0
BRDA:643,12,0,0
BRDA:643,12,1,0
BRDA:644,13,0,0
BRDA:644,13,1,0
BRDA:647,14,0,0
BRDA:647,14,1,0
BRDA:648,15,0,0
BRDA:648,15,1,0
BRDA:651,16,0,0
BRDA:651,16,1,0
BRDA:652,17,0,0
BRDA:652,17,1,0
BRF:36
BRH:0
end_of_record
TN:
SF:D:\nsights_project\nSights\Mobile App\nSights\src\Home\components\Notifications.js
FN:81,(anonymous_0)
FN:83,Notifications
FN:85,render
FN:95,onPress
FN:111,(anonymous_4)
FNF:5
FNH:1
FNDA:3,(anonymous_0)
FNDA:0,Notifications
FNDA:0,render
FNDA:0,onPress
FNDA:0,(anonymous_4)
DA:1,3
DA:2,3
DA:3,3
DA:4,3
DA:5,3
DA:6,3
DA:7,3
DA:8,3
DA:9,3
DA:10,3
DA:12,3
DA:15,3
DA:79,3
DA:81,3
DA:83,0
DA:85,3
DA:88,0
DA:89,0
DA:95,0
DA:111,0
DA:131,3
DA:133,3
LF:22
LH:17
BRF:0
BRH:0
end_of_record
TN:
SF:D:\nsights_project\nSights\Mobile App\nSights\src\Home\components\PositiveQuotes.js
FN:13,(anonymous_0)
FN:14,PositiveQuotes
FN:19,componentDidMount
FN:24,(anonymous_3)
FN:37,(anonymous_4)
FN:42,componentWillUnmount
FN:46,(anonymous_6)
FN:50,setModalVisible
FN:53,render
FN:62,onRequestClose
FN:77,onPress
FNF:11
FNH:1
FNDA:3,(anonymous_0)
FNDA:0,PositiveQuotes
FNDA:0,componentDidMount
FNDA:0,(anonymous_3)
FNDA:0,(anonymous_4)
FNDA:0,componentWillUnmount
FNDA:0,(anonymous_6)
FNDA:0,setModalVisible
FNDA:0,render
FNDA:0,onRequestClose
FNDA:0,onPress
DA:1,3
DA:2,3
DA:13,3
DA:14,0
DA:15,0
DA:16,0
DA:17,0
DA:19,3
DA:21,0
DA:24,0
DA:25,0
DA:27,0
DA:28,0
DA:29,0
DA:31,0
DA:37,0
DA:38,0
DA:44,0
DA:46,0
DA:47,0
DA:52,0
DA:54,0
DA:55,0
DA:63,0
DA:78,0
DA:90,3
DA:93,3
LF:27
LH:6
BRDA:25,0,0,0
BRDA:25,0,1,0
BRDA:27,1,0,0
BRDA:27,1,1,0
BRF:4
BRH:0
end_of_record
TN:
SF:D:\nsights_project\nSights\Mobile App\nSights\src\Home\components\ReportUser.js
FN:24,(anonymous_0)
FN:25,ReportUser
FN:31,onCheckBoxPress
FN:39,render
FN:47,onPress
FN:58,onPress
FN:67,(anonymous_6)
FNF:7
FNH:1
FNDA:3,(anonymous_0)
FNDA:0,ReportUser
FNDA:0,onCheckBoxPress
FNDA:0,render
FNDA:0,onPress
FNDA:0,onPress
FNDA:0,(anonymous_6)
DA:1,3
DA:2,3
DA:3,3
DA:4,3
DA:5,3
DA:6,3
DA:8,3
DA:24,3
DA:25,0
DA:26,0
DA:27,0
DA:29,0
DA:31,3
DA:34,0
DA:35,0
DA:36,0
DA:38,0
DA:41,0
DA:42,0
DA:47,0
DA:58,0
DA:68,0
DA:93,3
DA:95,3
LF:24
LH:11
BRDA:34,0,0,0
BRDA:34,0,1,0
BRF:2
BRH:0
end_of_record
TN:
SF:D:\nsights_project\nSights\Mobile App\nSights\src\Key Results\components\ChuteTime.js
FN:21,(anonymous_0)
FN:23,ChuteTime
FN:57,render
FN:101,onPress
FN:119,onPress
FN:122,onPress
FN:125,onPress
FN:190,onPress
FN:212,onPress
FN:233,onPress
FN:311,onPress
FN:333,onPress
FN:354,onPress
FN:429,onPress
FN:451,onPress
FN:472,onPress
FNF:16
FNH:1
FNDA:3,(anonymous_0)
FNDA:0,ChuteTime
FNDA:0,render
FNDA:0,onPress
FNDA:0,onPress
FNDA:0,onPress
FNDA:0,onPress
FNDA:0,onPress
FNDA:0,onPress
FNDA:0,onPress
FNDA:0,onPress
FNDA:0,onPress
FNDA:0,onPress
FNDA:0,onPress
FNDA:0,onPress
FNDA:0,onPress
DA:1,3
DA:3,3
DA:4,3
DA:5,3
DA:6,3
DA:7,3
DA:8,3
DA:9,3
DA:10,3
DA:11,3
DA:12,3
DA:13,3
DA:14,3
DA:15,3
DA:17,3
DA:21,3
DA:23,0
DA:24,0
DA:57,3
DA:63,0
DA:64,0
DA:69,0
DA:70,0
DA:72,0
DA:74,0
DA:78,0
DA:80,0
DA:85,0
DA:90,0
DA:95,0
DA:101,0
DA:119,0
DA:122,0
DA:125,0
DA:190,0
DA:212,0
DA:233,0
DA:311,0
DA:333,0
DA:354,0
DA:429,0
DA:451,0
DA:472,0
DA:495,3
DA:499,3
LF:45
LH:19
BRDA:134,0,0,0
BRDA:134,0,1,0
BRDA:253,1,0,0
BRDA:253,1,1,0
BRDA:373,2,0,0
BRDA:373,2,1,0
BRF:6
BRH:0
end_of_record
TN:
SF:D:\nsights_project\nSights\Mobile App\nSights\src\Key Results\components\HospitalTurnaroundTime.js
FN:22,(anonymous_0)
FN:24,HospitalTurnaroudTime
FN:70,render
FN:81,CustomGrid
FN:85,(anonymous_4)
FN:99,(anonymous_5)
FN:116,Decorator
FN:117,(anonymous_7)
FN:134,onPress
FN:152,onPress
FN:155,onPress
FN:158,onPress
FN:220,formatLabel
FN:270,formatLabel
FN:369,formatLabel
FN:415,formatLabel
FN:515,formatLabel
FN:563,formatLabel
FNF:18
FNH:1
FNDA:3,(anonymous_0)
FNDA:0,HospitalTurnaroudTime
FNDA:0,render
FNDA:0,CustomGrid
FNDA:0,(anonymous_4)
FNDA:0,(anonymous_5)
FNDA:0,Decorator
FNDA:0,(anonymous_7)
FNDA:0,onPress
FNDA:0,onPress
FNDA:0,onPress
FNDA:0,onPress
FNDA:0,formatLabel
FNDA:0,formatLabel
FNDA:0,formatLabel
FNDA:0,formatLabel
FNDA:0,formatLabel
FNDA:0,formatLabel
DA:1,3
DA:3,3
DA:4,3
DA:5,3
DA:6,3
DA:7,3
DA:8,3
DA:9,3
DA:10,3
DA:11,3
DA:13,3
DA:14,3
DA:15,3
DA:18,3
DA:22,3
DA:24,0
DA:25,0
DA:70,3
DA:76,0
DA:79,0
DA:81,0
DA:85,0
DA:99,0
DA:113,0
DA:115,0
DA:116,0
DA:117,0
DA:129,0
DA:134,0
DA:152,0
DA:155,0
DA:158,0
DA:220,0
DA:270,0
DA:369,0
DA:415,0
DA:515,0
DA:563,0
DA:619,3
DA:623,3
LF:40
LH:18
BRDA:167,0,0,0
BRDA:167,0,1,0
BRDA:319,1,0,0
BRDA:319,1,1,0
BRDA:465,2,0,0
BRDA:465,2,1,0
BRF:6
BRH:0
end_of_record
TN:
SF:D:\nsights_project\nSights\Mobile App\nSights\src\Key Results\components\KeyResults.js
FN:14,(anonymous_0)
FN:16,Home
FN:18,render
FN:58,onPress
FN:72,onPress
FN:85,onPress
FN:98,onPress
FNF:7
FNH:1
FNDA:3,(anonymous_0)
FNDA:0,Home
FNDA:0,render
FNDA:0,onPress
FNDA:0,onPress
FNDA:0,onPress
FNDA:0,onPress
DA:1,3
DA:3,3
DA:4,3
DA:5,3
DA:6,3
DA:7,3
DA:8,3
DA:9,3
DA:10,3
DA:11,3
DA:14,3
DA:16,0
DA:18,3
DA:19,0
DA:20,0
DA:58,0
DA:72,0
DA:85,0
DA:98,0
DA:117,3
LF:20
LH:13
BRF:0
BRH:0
end_of_record
TN:
SF:D:\nsights_project\nSights\Mobile App\nSights\src\Key Results\components\OnSceneTime.js
FN:21,(anonymous_0)
FN:23,OnSceneTime
FN:69,render
FN:79,CustomGrid
FN:83,(anonymous_4)
FN:97,(anonymous_5)
FN:114,Decorator
FN:115,(anonymous_7)
FN:133,onPress
FN:150,onPress
FN:153,onPress
FN:156,onPress
FN:213,formatLabel
FN:262,formatLabel
FN:360,formatLabel
FN:406,formatLabel
FN:503,formatLabel
FN:551,formatLabel
FNF:18
FNH:1
FNDA:3,(anonymous_0)
FNDA:0,OnSceneTime
FNDA:0,render
FNDA:0,CustomGrid
FNDA:0,(anonymous_4)
FNDA:0,(anonymous_5)
FNDA:0,Decorator
FNDA:0,(anonymous_7)
FNDA:0,onPress
FNDA:0,onPress
FNDA:0,onPress
FNDA:0,onPress
FNDA:0,formatLabel
FNDA:0,formatLabel
FNDA:0,formatLabel
FNDA:0,formatLabel
FNDA:0,formatLabel
FNDA:0,formatLabel
DA:1,3
DA:3,3
DA:4,3
DA:5,3
DA:6,3
DA:7,3
DA:8,3
DA:9,3
DA:10,3
DA:11,3
DA:12,3
DA:13,3
DA:14,3
DA:15,3
DA:17,3
DA:21,3
DA:23,0
DA:24,0
DA:69,3
DA:75,0
DA:77,0
DA:79,0
DA:83,0
DA:97,0
DA:111,0
DA:113,0
DA:114,0
DA:115,0
DA:126,0
DA:133,0
DA:150,0
DA:153,0
DA:156,0
DA:213,0
DA:262,0
DA:360,0
DA:406,0
DA:503,0
DA:551,0
DA:607,3
DA:611,3
LF:41
LH:19
BRDA:165,0,0,0
BRDA:165,0,1,0
BRDA:312,1,0,0
BRDA:312,1,1,0
BRDA:455,2,0,0
BRDA:455,2,1,0
BRF:6
BRH:0
end_of_record
TN:
SF:D:\nsights_project\nSights\Mobile App\nSights\src\Key Results\components\ResponseTime.js
FN:22,(anonymous_0)
FN:24,ResponseTime
FN:70,render
FN:82,CustomGrid
FN:86,(anonymous_4)
FN:100,(anonymous_5)
FN:117,Decorator
FN:118,(anonymous_7)
FN:136,onPress
FN:154,onPress
FN:157,onPress
FN:160,onPress
FN:208,onPress
FN:220,onPress
FN:248,formatLabel
FN:297,formatLabel
FN:384,onPress
FN:396,onPress
FN:424,formatLabel
FN:470,formatLabel
FN:558,onPress
FN:570,onPress
FN:598,formatLabel
FN:646,formatLabel
FNF:24
FNH:1
FNDA:3,(anonymous_0)
FNDA:0,ResponseTime
FNDA:0,render
FNDA:0,CustomGrid
FNDA:0,(anonymous_4)
FNDA:0,(anonymous_5)
FNDA:0,Decorator
FNDA:0,(anonymous_7)
FNDA:0,onPress
FNDA:0,onPress
FNDA:0,onPress
FNDA:0,onPress
FNDA:0,onPress
FNDA:0,onPress
FNDA:0,formatLabel
FNDA:0,formatLabel
FNDA:0,onPress
FNDA:0,onPress
FNDA:0,formatLabel
FNDA:0,formatLabel
FNDA:0,onPress
FNDA:0,onPress
FNDA:0,formatLabel
FNDA:0,formatLabel
DA:1,3
DA:3,3
DA:4,3
DA:5,3
DA:6,3
DA:7,3
DA:8,3
DA:9,3
DA:10,3
DA:11,3
DA:12,3
DA:13,3
DA:14,3
DA:15,3
DA:16,3
DA:18,3
DA:22,3
DA:24,0
DA:25,0
DA:70,3
DA:76,0
DA:80,0
DA:82,0
DA:86,0
DA:100,0
DA:114,0
DA:116,0
DA:117,0
DA:118,0
DA:129,0
DA:136,0
DA:154,0
DA:157,0
DA:160,0
DA:208,0
DA:220,0
DA:248,0
DA:297,0
DA:384,0
DA:396,0
DA:424,0
DA:470,0
DA:558,0
DA:570,0
DA:598,0
DA:646,0
DA:698,3
DA:702,3
LF:48
LH:20
BRDA:169,0,0,0
BRDA:169,0,1,0
BRDA:346,1,0,0
BRDA:346,1,1,0
BRDA:520,2,0,0
BRDA:520,2,1,0
BRF:6
BRH:0
end_of_record
TN:
SF:D:\nsights_project\nSights\Mobile App\nSights\src\Leader Boards\components\LeaderBoards.js
FN:188,(anonymous_0)
FN:188,LeaderBoards
FN:188,render
FN:218,(anonymous_3)
FN:218,GaveFeedbacks
FN:220,(anonymous_5)
FN:239,render
FN:250,(anonymous_7)
FN:294,(anonymous_8)
FN:294,GotFeedbacks
FN:296,(anonymous_10)
FN:315,render
FN:324,(anonymous_12)
FN:362,(anonymous_13)
FN:362,GaveKudos
FN:364,(anonymous_15)
FN:383,render
FN:392,(anonymous_17)
FN:430,(anonymous_18)
FN:430,GotKudos
FN:432,(anonymous_20)
FN:451,render
FN:460,(anonymous_22)
FNF:23
FNH:5
FNDA:3,(anonymous_0)
FNDA:0,LeaderBoards
FNDA:0,render
FNDA:3,(anonymous_3)
FNDA:0,GaveFeedbacks
FNDA:0,(anonymous_5)
FNDA:0,render
FNDA:0,(anonymous_7)
FNDA:3,(anonymous_8)
FNDA:0,GotFeedbacks
FNDA:0,(anonymous_10)
FNDA:0,render
FNDA:0,(anonymous_12)
FNDA:3,(anonymous_13)
FNDA:0,GaveKudos
FNDA:0,(anonymous_15)
FNDA:0,render
FNDA:0,(anonymous_17)
FNDA:3,(anonymous_18)
FNDA:0,GotKudos
FNDA:0,(anonymous_20)
FNDA:0,render
FNDA:0,(anonymous_22)
DA:1,3
DA:2,3
DA:3,3
DA:4,3
DA:5,3
DA:6,3
DA:7,3
DA:9,3
DA:10,3
DA:11,3
DA:18,3
DA:101,3
DA:186,3
DA:188,3
DA:193,0
DA:214,3
DA:218,3
DA:221,0
DA:222,0
DA:233,0
DA:239,3
DA:242,0
DA:244,0
DA:250,0
DA:290,3
DA:294,3
DA:297,0
DA:298,0
DA:309,0
DA:315,3
DA:317,0
DA:319,0
DA:324,0
DA:358,3
DA:362,3
DA:365,0
DA:366,0
DA:377,0
DA:383,3
DA:385,0
DA:387,0
DA:392,0
DA:426,3
DA:430,3
DA:433,0
DA:434,0
DA:445,0
DA:451,3
DA:453,0
DA:455,0
DA:460,0
DA:494,3
DA:500,3
LF:53
LH:28
BRDA:221,0,0,0
BRDA:221,0,1,0
BRDA:297,1,0,0
BRDA:297,1,1,0
BRDA:365,2,0,0
BRDA:365,2,1,0
BRDA:433,3,0,0
BRDA:433,3,1,0
BRF:8
BRH:0
end_of_record
TN:
SF:D:\nsights_project\nSights\Mobile App\nSights\src\Login\components\Login.js
FN:8,(anonymous_0)
FN:9,Login
FN:29,(anonymous_2)
FN:38,(anonymous_3)
FN:47,(anonymous_4)
FN:56,(anonymous_5)
FN:68,_callee
FN:68,_callee$
FN:81,focusNextField
FN:81,render
FN:107,onSubmitEditing
FN:112,ref
FN:117,onChangeText
FN:128,ref
FN:134,onChangeText
FNF:15
FNH:1
FNDA:3,(anonymous_0)
FNDA:0,Login
FNDA:0,(anonymous_2)
FNDA:0,(anonymous_3)
FNDA:0,(anonymous_4)
FNDA:0,(anonymous_5)
FNDA:0,_callee
FNDA:0,_callee$
FNDA:0,focusNextField
FNDA:0,render
FNDA:0,onSubmitEditing
FNDA:0,ref
FNDA:0,onChangeText
FNDA:0,ref
FNDA:0,onChangeText
DA:1,3
DA:2,3
DA:3,3
DA:4,3
DA:5,3
DA:6,3
DA:8,3
DA:9,0
DA:10,0
DA:30,0
DA:33,0
DA:34,0
DA:36,0
DA:39,0
DA:42,0
DA:43,0
DA:45,0
DA:48,0
DA:51,0
DA:52,0
DA:54,0
DA:57,0
DA:60,0
DA:61,0
DA:63,0
DA:68,0
DA:76,0
DA:77,0
DA:80,0
DA:81,3
DA:84,0
DA:85,0
DA:86,0
DA:87,0
DA:88,0
DA:108,0
DA:113,0
DA:117,0
DA:129,0
DA:134,0
DA:147,3
DA:150,3
LF:42
LH:10
BRDA:33,0,0,0
BRDA:33,0,1,0
BRDA:42,1,0,0
BRDA:42,1,1,0
BRDA:51,2,0,0
BRDA:51,2,1,0
BRDA:60,3,0,0
BRDA:60,3,1,0
BRDA:68,4,0,0
BRDA:68,4,1,0
BRDA:68,4,2,0
BRDA:76,5,0,0
BRDA:76,5,1,0
BRDA:76,6,0,0
BRDA:76,6,1,0
BRDA:111,7,0,0
BRDA:111,7,1,0
BRDA:127,8,0,0
BRDA:127,8,1,0
BRF:19
BRH:0
end_of_record
TN:
SF:D:\nsights_project\nSights\Mobile App\nSights\src\Profile\components\Achievements.js
FN:27,(anonymous_0)
FN:29,Achievements
FN:31,render
FN:41,onPress
FN:72,(anonymous_4)
FN:94,(anonymous_5)
FN:114,(anonymous_6)
FN:138,(anonymous_7)
FN:158,(anonymous_8)
FN:178,(anonymous_9)
FNF:10
FNH:1
FNDA:3,(anonymous_0)
FNDA:0,Achievements
FNDA:0,render
FNDA:0,onPress
FNDA:0,(anonymous_4)
FNDA:0,(anonymous_5)
FNDA:0,(anonymous_6)
FNDA:0,(anonymous_7)
FNDA:0,(anonymous_8)
FNDA:0,(anonymous_9)
DA:1,3
DA:2,3
DA:3,3
DA:4,3
DA:5,3
DA:6,3
DA:7,3
DA:8,3
DA:9,3
DA:10,3
DA:11,3
DA:15,3
DA:25,3
DA:27,3
DA:29,0
DA:31,3
DA:33,0
DA:35,0
DA:41,0
DA:72,0
DA:94,0
DA:114,0
DA:138,0
DA:158,0
DA:178,0
DA:195,3
DA:197,3
LF:27
LH:17
BRF:0
BRH:0
end_of_record
TN:
SF:D:\nsights_project\nSights\Mobile App\nSights\src\Profile\components\Bookmarks.js
FN:60,(anonymous_0)
FN:62,Bookmarks
FN:64,render
FN:74,onPress
FN:89,(anonymous_4)
FNF:5
FNH:1
FNDA:3,(anonymous_0)
FNDA:0,Bookmarks
FNDA:0,render
FNDA:0,onPress
FNDA:0,(anonymous_4)
DA:1,3
DA:2,3
DA:3,3
DA:4,3
DA:5,3
DA:6,3
DA:7,3
DA:8,3
DA:9,3
DA:10,3
DA:11,3
DA:12,3
DA:15,3
DA:58,3
DA:60,3
DA:62,0
DA:64,3
DA:67,0
DA:68,0
DA:74,0
DA:89,0
DA:128,3
DA:130,3
LF:23
LH:18
BRF:0
BRH:0
end_of_record
TN:
SF:D:\nsights_project\nSights\Mobile App\nSights\src\Profile\components\Profile.js
FN:24,(anonymous_0)
FN:26,Home
FN:30,toggleModal
FN:35,render
FN:43,onPress
FN:53,onPress
FN:88,onPress
FN:124,onRequestClose
FN:142,onPress
FN:156,onPress
FNF:10
FNH:1
FNDA:3,(anonymous_0)
FNDA:0,Home
FNDA:0,toggleModal
FNDA:0,render
FNDA:0,onPress
FNDA:0,onPress
FNDA:0,onPress
FNDA:0,onRequestClose
FNDA:0,onPress
FNDA:0,onPress
DA:1,3
DA:3,3
DA:4,3
DA:5,3
DA:6,3
DA:7,3
DA:8,3
DA:9,3
DA:10,3
DA:11,3
DA:14,3
DA:24,3
DA:26,0
DA:27,0
DA:30,3
DA:34,0
DA:36,0
DA:37,0
DA:43,0
DA:53,0
DA:88,0
DA:124,0
DA:143,0
DA:156,0
DA:165,3
DA:169,3
LF:26
LH:15
BRF:0
BRH:0
end_of_record
TN:
SF:D:\nsights_project\nSights\Mobile App\nSights\src\Profile\components\Rating_Comments.js
FN:103,(anonymous_0)
FN:103,Rating_Comments
FN:103,render
FN:110,onPress
FN:138,(anonymous_4)
FN:138,Ratings
FN:138,render
FN:245,(anonymous_7)
FN:245,Comments
FN:245,render
FN:252,(anonymous_10)
FN:266,(anonymous_11)
FNF:12
FNH:3
FNDA:3,(anonymous_0)
FNDA:0,Rating_Comments
FNDA:0,render
FNDA:0,onPress
FNDA:3,(anonymous_4)
FNDA:0,Ratings
FNDA:0,render
FNDA:3,(anonymous_7)
FNDA:0,Comments
FNDA:0,render
FNDA:0,(anonymous_10)
FNDA:0,(anonymous_11)
DA:1,3
DA:2,3
DA:3,3
DA:4,3
DA:5,3
DA:6,3
DA:7,3
DA:8,3
DA:9,3
DA:16,3
DA:91,3
DA:98,3
DA:99,3
DA:103,3
DA:104,0
DA:105,0
DA:110,0
DA:134,3
DA:138,3
DA:140,0
DA:241,3
DA:245,3
DA:247,0
DA:248,0
DA:252,0
DA:266,0
DA:279,3
DA:283,3
LF:28
LH:20
BRDA:262,0,0,0
BRDA:262,0,1,0
BRF:2
BRH:0
end_of_record
TN:
SF:D:\nsights_project\nSights\Mobile App\nSights\src\Search\components\Search.js
FN:10,(anonymous_0)
FN:10,Search
FN:10,render
FN:51,(anonymous_3)
FN:51,Top
FN:51,render
FN:64,(anonymous_6)
FN:64,People
FN:64,render
FN:77,(anonymous_9)
FN:77,Tags
FN:77,render
FN:90,(anonymous_12)
FN:90,Places
FN:90,render
FNF:15
FNH:5
FNDA:3,(anonymous_0)
FNDA:0,Search
FNDA:0,render
FNDA:3,(anonymous_3)
FNDA:0,Top
FNDA:0,render
FNDA:3,(anonymous_6)
FNDA:0,People
FNDA:0,render
FNDA:3,(anonymous_9)
FNDA:0,Tags
FNDA:0,render
FNDA:3,(anonymous_12)
FNDA:0,Places
FNDA:0,render
DA:1,3
DA:2,3
DA:3,3
DA:4,3
DA:5,3
DA:8,3
DA:10,3
DA:12,0
DA:47,3
DA:51,3
DA:54,0
DA:61,3
DA:64,3
DA:67,0
DA:74,3
DA:77,3
DA:80,0
DA:87,3
DA:90,3
DA:93,0
DA:100,3
DA:103,3
LF:22
LH:17
BRF:0
BRH:0
end_of_record
